#
# A fatal error has been detected by the Java Runtime Environment:
#
#  EXCEPTION_ACCESS_VIOLATION (0xc0000005) at pc=0x00007ffad017844d, pid=16252, tid=0x0000000000004be0
#
# JRE version: Java(TM) SE Runtime Environment (8.0_111-b14) (build 1.8.0_111-b14)
# Java VM: Java HotSpot(TM) 64-Bit Server VM (25.111-b14 mixed mode windows-amd64 compressed oops)
# Problematic frame:
# C  [lwjgl_opengl.dll+0x844d]
#
# Failed to write core dump. Minidumps are not enabled by default on client versions of Windows
#
# If you would like to submit a bug report, please visit:
#   http://bugreport.java.com/bugreport/crash.jsp
# The crash happened outside the Java Virtual Machine in native code.
# See problematic frame for where to report the bug.
#

---------------  T H R E A D  ---------------

Current thread (0x000000001f282800):  JavaThread "Thread-1" [_thread_in_native, id=19424, stack(0x0000000030880000,0x0000000030980000)]

siginfo: ExceptionCode=0xc0000005, reading address 0x0000000000000a30

Registers:
RAX=0x000000005207ed50, RBX=0x000000001b908690, RCX=0x0000000000000001, RDX=0x000000002d71007c
RSP=0x000000003097f098, RBP=0x000000003097f118, RSI=0x000000002d71007c, RDI=0x000000000471835d
R8 =0x0000000000000001, R9 =0x000000002d71007c, R10=0x0000000000000000, R11=0x0000000051b0b580
R12=0x0000000000000000, R13=0x000000001b908690, R14=0x000000003097f148, R15=0x000000001f282800
RIP=0x00007ffad017844d, EFLAGS=0x0000000000010206

Top of Stack: (sp=0x000000003097f098)
0x000000003097f098:   0000000004727f74 000000001b7af3d8
0x000000003097f0a8:   0000000000000000 000000001b7ae840
0x000000003097f0b8:   0000000000000000 000000003097f0d8
0x000000003097f0c8:   000000003097f130 00000000047180e0
0x000000003097f0d8:   000000003097f0d8 0000000000000000
0x000000003097f0e8:   000000003097f148 000000001b90b420
0x000000003097f0f8:   0000000000000000 000000001b908690
0x000000003097f108:   0000000000000000 000000003097f138
0x000000003097f118:   000000003097f190 000000000471835d
0x000000003097f128:   000000078356d188 00000000047219d8
0x000000003097f138:   000000002d71007c 0000000780a4ea30
0x000000003097f148:   0000000000000001 000000003097f150
0x000000003097f158:   000000001b908804 000000003097f1c0
0x000000003097f168:   000000001b90b420 0000000000000000
0x000000003097f178:   000000001b908878 000000003097f138
0x000000003097f188:   000000003097f1c0 000000003097f208 

Instructions: (pc=0x00007ffad017844d)
0x00007ffad017842d:   e8 01 00 00 cc cc cc cc cc cc cc cc cc cc cc cc
0x00007ffad017843d:   cc cc cc 48 8b 01 49 8b d1 41 8b c8 4c 8b 50 18
0x00007ffad017844d:   49 ff a2 30 0a 00 00 cc cc cc cc cc cc cc cc cc
0x00007ffad017845d:   cc cc cc 48 8b 01 49 8b d1 41 8b c8 4c 8b 50 18 


Register to memory mapping:

RAX=0x000000005207ed50 is an unknown value
RBX={method} {0x000000001b908698} 'nglDeleteVertexArrays' '(IJ)V' in 'org/lwjgl/opengl/GL30'
RCX=0x0000000000000001 is an unknown value
RDX=0x000000002d71007c is an unknown value
RSP=0x000000003097f098 is pointing into the stack for thread: 0x000000001f282800
RBP=0x000000003097f118 is pointing into the stack for thread: 0x000000001f282800
RSI=0x000000002d71007c is an unknown value
RDI=0x000000000471835d is at code_begin+2301 in an Interpreter codelet
invoke return entry points  [0x0000000004717a60, 0x0000000004718440]  2528 bytes
R8 =0x0000000000000001 is an unknown value
R9 =0x000000002d71007c is an unknown value
R10=0x0000000000000000 is an unknown value
R11=0x0000000051b0b580 is an unknown value
R12=0x0000000000000000 is an unknown value
R13={method} {0x000000001b908698} 'nglDeleteVertexArrays' '(IJ)V' in 'org/lwjgl/opengl/GL30'
R14=0x000000003097f148 is pointing into the stack for thread: 0x000000001f282800
R15=0x000000001f282800 is a thread


Stack: [0x0000000030880000,0x0000000030980000],  sp=0x000000003097f098,  free space=1020k
Native frames: (J=compiled Java code, j=interpreted, Vv=VM code, C=native code)
C  [lwjgl_opengl.dll+0x844d]

Java frames: (J=compiled Java code, j=interpreted, Vv=VM code)
j  org.lwjgl.opengl.GL30.nglDeleteVertexArrays(IJ)V+0
j  org.lwjgl.opengl.GL30.glDeleteVertexArrays(I)V+20
j  objects.Vao.delete()V+12
j  texts.Text.buildMesh()V+11
j  texts.Text.applyChanges()V+1
j  guis.TextComponent.setText(Ljava/lang/String;)V+26
j  log.Log.update()V+31
j  log.Log.append(Ljava/lang/String;Z)V+52
j  scenes.SceneLoader.getScene(Lrenderer/MasterRenderer;Lrenderer/skyboxRenderer/SkyboxRenderer;Ljava/lang/String;)Lscenes/Scene;+14
j  main.GameLoop$5.midLoad()V+10
j  guis.LoadingGui$1.run()V+4
j  utils.tasks.Task.dotask()V+1
j  utils.tasks.Task.access$0(Lutils/tasks/Task;)V+1
j  utils.tasks.Task$1.run()V+12
j  java.lang.Thread.run()V+11
v  ~StubRoutines::call_stub

---------------  P R O C E S S  ---------------

Java Threads: ( => current thread )
=>0x000000001f282800 JavaThread "Thread-1" [_thread_in_native, id=19424, stack(0x0000000030880000,0x0000000030980000)]
  0x000000002d907800 JavaThread "Thread-0" [_thread_blocked, id=4748, stack(0x000000002d5f0000,0x000000002d6f0000)]
  0x000000001dbfc000 JavaThread "Service Thread" daemon [_thread_blocked, id=15892, stack(0x000000001e750000,0x000000001e850000)]
  0x000000001bc5d000 JavaThread "C1 CompilerThread3" daemon [_thread_blocked, id=16196, stack(0x000000001e650000,0x000000001e750000)]
  0x000000001bc58000 JavaThread "C2 CompilerThread2" daemon [_thread_blocked, id=16560, stack(0x000000001e550000,0x000000001e650000)]
  0x000000001db75000 JavaThread "C2 CompilerThread1" daemon [_thread_blocked, id=8120, stack(0x000000001e450000,0x000000001e550000)]
  0x000000001db72000 JavaThread "C2 CompilerThread0" daemon [_thread_blocked, id=14292, stack(0x000000001e350000,0x000000001e450000)]
  0x000000001db70800 JavaThread "Attach Listener" daemon [_thread_blocked, id=15092, stack(0x000000001e250000,0x000000001e350000)]
  0x000000001db6d800 JavaThread "Signal Dispatcher" daemon [_thread_blocked, id=2380, stack(0x000000001e150000,0x000000001e250000)]
  0x000000001db60800 JavaThread "Finalizer" daemon [_thread_blocked, id=13968, stack(0x000000001df40000,0x000000001e040000)]
  0x0000000004708000 JavaThread "Reference Handler" daemon [_thread_blocked, id=8276, stack(0x000000001da40000,0x000000001db40000)]
  0x0000000004612800 JavaThread "main" [_thread_in_native, id=11296, stack(0x0000000004430000,0x0000000004530000)]

Other Threads:
  0x000000001bc49000 VMThread [stack: 0x000000001d940000,0x000000001da40000] [id=14308]
  0x000000001dc3e800 WatcherThread [stack: 0x000000001e9a0000,0x000000001eaa0000] [id=2980]

VM state:not at safepoint (normal execution)

VM Mutex/Monitor currently owned by a thread: None

Heap:
 PSYoungGen      total 57344K, used 10269K [0x0000000780500000, 0x0000000784500000, 0x00000007c0000000)
  eden space 49152K, 11% used [0x0000000780500000,0x0000000780ac1068,0x0000000783500000)
  from space 8192K, 53% used [0x0000000783500000,0x0000000783946788,0x0000000783d00000)
  to   space 8192K, 0% used [0x0000000783d00000,0x0000000783d00000,0x0000000784500000)
 ParOldGen       total 131072K, used 16K [0x0000000700e00000, 0x0000000708e00000, 0x0000000780500000)
  object space 131072K, 0% used [0x0000000700e00000,0x0000000700e04000,0x0000000708e00000)
 Metaspace       used 11049K, capacity 11275K, committed 11392K, reserved 1058816K
  class space    used 1036K, capacity 1130K, committed 1152K, reserved 1048576K

Card table byte_map: [0x0000000013ad0000,0x00000000140d0000] byte_map_base: 0x00000000102c9000

Marking Bits: (ParMarkBitMap*) 0x00000000520fa6c0
 Begin Bits: [0x0000000014cd0000, 0x0000000017c98000)
 End Bits:   [0x0000000017c98000, 0x000000001ac60000)

Polling page: 0x0000000002be0000

CodeCache: size=245760Kb used=3820Kb max_used=3820Kb free=241939Kb
 bounds [0x0000000004710000, 0x0000000004ad0000, 0x0000000013710000]
 total_blobs=1893 nmethods=1010 adapters=796
 compilation: enabled

Compilation events (10 events):
Event: 2.260 Thread 0x000000001bc5d000 1006       1       guis.GUIComponent::isHidden (5 bytes)
Event: 2.261 Thread 0x000000001bc5d000 nmethod 1006 0x0000000004accbd0 code [0x0000000004accd20, 0x0000000004acce30]
Event: 2.314 Thread 0x000000001bc5d000 1007       1       guis.GUI::getPosition (5 bytes)
Event: 2.314 Thread 0x000000001bc5d000 nmethod 1007 0x0000000004acce90 code [0x0000000004accfe0, 0x0000000004acd0f0]
Event: 2.518 Thread 0x000000001bc5d000 1008       1       guis.GUIComponent::getContainer (5 bytes)
Event: 2.518 Thread 0x000000001bc5d000 nmethod 1008 0x0000000004acd150 code [0x0000000004acd2a0, 0x0000000004acd3b0]
Event: 2.565 Thread 0x000000001bc5d000 1009       3       org.lwjgl.util.vector.Matrix4f::setIdentity (5 bytes)
Event: 2.566 Thread 0x000000001bc5d000 nmethod 1009 0x0000000004acd410 code [0x0000000004acd580, 0x0000000004acd708]
Event: 2.566 Thread 0x000000001bc5d000 1010       3       org.lwjgl.util.vector.Matrix4f::setIdentity (82 bytes)
Event: 2.566 Thread 0x000000001bc5d000 nmethod 1010 0x0000000004acd790 code [0x0000000004acd8e0, 0x0000000004acda90]

GC Heap History (2 events):
Event: 1.839 GC heap before
{Heap before GC invocations=1 (full 0):
 PSYoungGen      total 57344K, used 49152K [0x0000000780500000, 0x0000000784500000, 0x00000007c0000000)
  eden space 49152K, 100% used [0x0000000780500000,0x0000000783500000,0x0000000783500000)
  from space 8192K, 0% used [0x0000000783d00000,0x0000000783d00000,0x0000000784500000)
  to   space 8192K, 0% used [0x0000000783500000,0x0000000783500000,0x0000000783d00000)
 ParOldGen       total 131072K, used 0K [0x0000000700e00000, 0x0000000708e00000, 0x0000000780500000)
  object space 131072K, 0% used [0x0000000700e00000,0x0000000700e00000,0x0000000708e00000)
 Metaspace       used 10833K, capacity 11051K, committed 11392K, reserved 1058816K
  class space    used 1000K, capacity 1098K, committed 1152K, reserved 1048576K
Event: 1.842 GC heap after
Heap after GC invocations=1 (full 0):
 PSYoungGen      total 57344K, used 4377K [0x0000000780500000, 0x0000000784500000, 0x00000007c0000000)
  eden space 49152K, 0% used [0x0000000780500000,0x0000000780500000,0x0000000783500000)
  from space 8192K, 53% used [0x0000000783500000,0x0000000783946788,0x0000000783d00000)
  to   space 8192K, 0% used [0x0000000783d00000,0x0000000783d00000,0x0000000784500000)
 ParOldGen       total 131072K, used 16K [0x0000000700e00000, 0x0000000708e00000, 0x0000000780500000)
  object space 131072K, 0% used [0x0000000700e00000,0x0000000700e04000,0x0000000708e00000)
 Metaspace       used 10833K, capacity 11051K, committed 11392K, reserved 1058816K
  class space    used 1000K, capacity 1098K, committed 1152K, reserved 1048576K
}

Deoptimization events (5 events):
Event: 0.255 Thread 0x0000000004612800 Uncommon trap: reason=unstable_if action=reinterpret pc=0x00000000048bd278 method=java.lang.String.indexOf([CII[CIII)I @ 134
Event: 1.395 Thread 0x0000000004612800 Uncommon trap: reason=unstable_if action=reinterpret pc=0x0000000004942ea0 method=java.lang.String.indexOf([CII[CIII)I @ 3
Event: 1.495 Thread 0x0000000004612800 Uncommon trap: reason=unstable_if action=reinterpret pc=0x0000000004a12f60 method=java.io.BufferedReader.readLine(Z)Ljava/lang/String; @ 192
Event: 1.619 Thread 0x0000000004612800 Uncommon trap: reason=unstable_if action=reinterpret pc=0x0000000004a32728 method=java.io.WinNTFileSystem.normalize(Ljava/lang/String;)Ljava/lang/String; @ 128
Event: 1.627 Thread 0x0000000004612800 Uncommon trap: reason=unstable_if action=reinterpret pc=0x0000000004a5d04c method=sun.misc.FloatingDecimal$ASCIIToBinaryBuffer.floatValue()F @ 70

Internal exceptions (10 events):
Event: 0.084 Thread 0x0000000004612800 Exception <a 'java/io/FileNotFoundException'> (0x000000078057dcf8) thrown at [C:\re\workspace\8-2-build-windows-amd64-cygwin\jdk8u111\7883\hotspot\src\share\vm\prims\jni.cpp, line 709]
Event: 0.140 Thread 0x0000000004612800 Exception <a 'java/security/PrivilegedActionException'> (0x00000007807117e0) thrown at [C:\re\workspace\8-2-build-windows-amd64-cygwin\jdk8u111\7883\hotspot\src\share\vm\prims\jvm.cpp, line 1386]
Event: 0.140 Thread 0x0000000004612800 Exception <a 'java/security/PrivilegedActionException'> (0x0000000780711bd8) thrown at [C:\re\workspace\8-2-build-windows-amd64-cygwin\jdk8u111\7883\hotspot\src\share\vm\prims\jvm.cpp, line 1386]
Event: 0.140 Thread 0x0000000004612800 Exception <a 'java/security/PrivilegedActionException'> (0x0000000780715e90) thrown at [C:\re\workspace\8-2-build-windows-amd64-cygwin\jdk8u111\7883\hotspot\src\share\vm\prims\jvm.cpp, line 1386]
Event: 0.140 Thread 0x0000000004612800 Exception <a 'java/security/PrivilegedActionException'> (0x0000000780716288) thrown at [C:\re\workspace\8-2-build-windows-amd64-cygwin\jdk8u111\7883\hotspot\src\share\vm\prims\jvm.cpp, line 1386]
Event: 0.212 Thread 0x0000000004612800 Exception <a 'java/lang/NoSuchMethodError': java.lang.Object.lambda$static$0(Ljava/lang/String;)Ljava/lang/Boolean;> (0x000000078089d800) thrown at [C:\re\workspace\8-2-build-windows-amd64-cygwin\jdk8u111\7883\hotspot\src\share\vm\interpreter\linkResolver
Event: 0.223 Thread 0x0000000004612800 Exception <a 'java/lang/NoSuchFieldError': method resolution failed> (0x0000000780915888) thrown at [C:\re\workspace\8-2-build-windows-amd64-cygwin\jdk8u111\7883\hotspot\src\share\vm\prims\methodHandles.cpp, line 1146]
Event: 0.225 Thread 0x0000000004612800 Exception <a 'java/lang/NoSuchFieldError': method resolution failed> (0x0000000780922c58) thrown at [C:\re\workspace\8-2-build-windows-amd64-cygwin\jdk8u111\7883\hotspot\src\share\vm\prims\methodHandles.cpp, line 1146]
Event: 1.094 Thread 0x0000000004612800 Exception <a 'sun/nio/fs/WindowsException'> (0x0000000780ccb3a0) thrown at [C:\re\workspace\8-2-build-windows-amd64-cygwin\jdk8u111\7883\hotspot\src\share\vm\prims\jni.cpp, line 709]
Event: 1.095 Thread 0x0000000004612800 Exception <a 'sun/nio/fs/WindowsException'> (0x0000000780ccbbe0) thrown at [C:\re\workspace\8-2-build-windows-amd64-cygwin\jdk8u111\7883\hotspot\src\share\vm\prims\jni.cpp, line 709]

Events (10 events):
Event: 2.031 loading class menus/coop/HostMenu$2 done
Event: 2.065 loading class menus/CoopMenu$1
Event: 2.065 loading class menus/CoopMenu$1 done
Event: 2.065 loading class main/GameLoop$5
Event: 2.065 loading class main/GameLoop$5 done
Event: 2.098 Thread 0x000000001f282800 Thread added: 0x000000001f282800
Event: 2.598 loading class scenes/SceneLoader
Event: 2.598 loading class scenes/SceneLoader done
Event: 2.600 loading class scenes/SceneLoader$1
Event: 2.600 loading class scenes/SceneLoader$1 done


Dynamic libraries:
0x00007ff643bb0000 - 0x00007ff643be7000 	C:\Program Files\Java\jdk1.8.0_111\bin\javaw.exe
0x00007ffaf2960000 - 0x00007ffaf2b40000 	C:\WINDOWS\SYSTEM32\ntdll.dll
0x00007ffae5770000 - 0x00007ffae57a4000 	C:\Program Files\AVAST Software\Avast\x64\aswhooka.dll
0x00007ffaf1e00000 - 0x00007ffaf1eae000 	C:\WINDOWS\System32\KERNEL32.DLL
0x00007ffaef0d0000 - 0x00007ffaef336000 	C:\WINDOWS\System32\KERNELBASE.dll
0x00007ffaf26d0000 - 0x00007ffaf2771000 	C:\WINDOWS\System32\ADVAPI32.dll
0x00007ffaf2890000 - 0x00007ffaf292d000 	C:\WINDOWS\System32\msvcrt.dll
0x00007ffaf1f20000 - 0x00007ffaf1f7b000 	C:\WINDOWS\System32\sechost.dll
0x00007ffaf1270000 - 0x00007ffaf138f000 	C:\WINDOWS\System32\RPCRT4.dll
0x00007ffaf21f0000 - 0x00007ffaf237f000 	C:\WINDOWS\System32\USER32.dll
0x00007ffaeef90000 - 0x00007ffaeefb0000 	C:\WINDOWS\System32\win32u.dll
0x00007ffaf2190000 - 0x00007ffaf21b8000 	C:\WINDOWS\System32\GDI32.dll
0x00007ffaefae0000 - 0x00007ffaefc73000 	C:\WINDOWS\System32\gdi32full.dll
0x00007ffaeefb0000 - 0x00007ffaef04b000 	C:\WINDOWS\System32\msvcp_win.dll
0x00007ffaefd30000 - 0x00007ffaefe26000 	C:\WINDOWS\System32\ucrtbase.dll
0x00007ffae9aa0000 - 0x00007ffae9d09000 	C:\WINDOWS\WinSxS\amd64_microsoft.windows.common-controls_6595b64144ccf1df_6.0.16299.192_none_15c8cdae9364c23b\COMCTL32.dll
0x00007ffaf1af0000 - 0x00007ffaf1df8000 	C:\WINDOWS\System32\combase.dll
0x00007ffaef050000 - 0x00007ffaef0c2000 	C:\WINDOWS\System32\bcryptPrimitives.dll
0x00007ffaf21c0000 - 0x00007ffaf21ed000 	C:\WINDOWS\System32\IMM32.DLL
0x0000000051520000 - 0x00000000515f2000 	C:\Program Files\Java\jdk1.8.0_111\jre\bin\msvcr100.dll
0x00000000518e0000 - 0x000000005217a000 	C:\Program Files\Java\jdk1.8.0_111\jre\bin\server\jvm.dll
0x00007ffaf2120000 - 0x00007ffaf2128000 	C:\WINDOWS\System32\PSAPI.DLL
0x00007ffae88d0000 - 0x00007ffae88d9000 	C:\WINDOWS\SYSTEM32\WSOCK32.dll
0x00007ffaf1eb0000 - 0x00007ffaf1f1c000 	C:\WINDOWS\System32\WS2_32.dll
0x00007ffaeb690000 - 0x00007ffaeb6b3000 	C:\WINDOWS\SYSTEM32\WINMM.dll
0x00007ffae9380000 - 0x00007ffae938a000 	C:\WINDOWS\SYSTEM32\VERSION.dll
0x00007ffaeb620000 - 0x00007ffaeb64a000 	C:\WINDOWS\SYSTEM32\WINMMBASE.dll
0x00007ffaef340000 - 0x00007ffaef38a000 	C:\WINDOWS\System32\cfgmgr32.dll
0x00000000518d0000 - 0x00000000518df000 	C:\Program Files\Java\jdk1.8.0_111\jre\bin\verify.dll
0x00000000518a0000 - 0x00000000518c9000 	C:\Program Files\Java\jdk1.8.0_111\jre\bin\java.dll
0x0000000051880000 - 0x0000000051896000 	C:\Program Files\Java\jdk1.8.0_111\jre\bin\zip.dll
0x00007ffaefe30000 - 0x00007ffaf1266000 	C:\WINDOWS\System32\SHELL32.dll
0x00007ffaf1a40000 - 0x00007ffaf1ae6000 	C:\WINDOWS\System32\shcore.dll
0x00007ffaef390000 - 0x00007ffaefad7000 	C:\WINDOWS\System32\windows.storage.dll
0x00007ffaf2380000 - 0x00007ffaf23d1000 	C:\WINDOWS\System32\shlwapi.dll
0x00007ffaeecf0000 - 0x00007ffaeed01000 	C:\WINDOWS\System32\kernel.appcore.dll
0x00007ffaeed10000 - 0x00007ffaeed5c000 	C:\WINDOWS\System32\powrprof.dll
0x00007ffaeecd0000 - 0x00007ffaeeceb000 	C:\WINDOWS\System32\profapi.dll
0x0000000051860000 - 0x000000005187a000 	C:\Program Files\Java\jdk1.8.0_111\jre\bin\net.dll
0x00007ffaee540000 - 0x00007ffaee5a6000 	C:\WINDOWS\system32\mswsock.dll
0x0000000051840000 - 0x0000000051851000 	C:\Program Files\Java\jdk1.8.0_111\jre\bin\nio.dll
0x00007ffad3200000 - 0x00007ffad3259000 	C:\Users\gebruiker-pc\AppData\Local\Temp\lwjglgebruiker-pc\3.1.5-build-1\lwjgl.dll
0x00007ffad31b0000 - 0x00007ffad31fe000 	C:\Users\GEBRUI~1\AppData\Local\Temp\lwjglgebruiker-pc\3.1.5-build-1\glfw.dll
0x00007ffaed250000 - 0x00007ffaed2e5000 	C:\WINDOWS\system32\uxtheme.dll
0x00007ffad3160000 - 0x00007ffad31a3000 	C:\WINDOWS\SYSTEM32\dinput8.dll
0x00007ffae7fd0000 - 0x00007ffae7fe0000 	C:\WINDOWS\SYSTEM32\xinput1_4.dll
0x00007ffaeeac0000 - 0x00007ffaeeae7000 	C:\WINDOWS\SYSTEM32\DEVOBJ.dll
0x00007ffaed560000 - 0x00007ffaed58a000 	C:\WINDOWS\SYSTEM32\dwmapi.dll
0x00007ffaea3b0000 - 0x00007ffaea3de000 	C:\WINDOWS\SYSTEM32\inputhost.dll
0x00007ffaec3d0000 - 0x00007ffaec4ac000 	C:\WINDOWS\SYSTEM32\CoreMessaging.dll
0x00007ffaea6f0000 - 0x00007ffaea9de000 	C:\WINDOWS\SYSTEM32\CoreUIComponents.dll
0x00007ffaeddf0000 - 0x00007ffaede21000 	C:\WINDOWS\SYSTEM32\ntmarta.dll
0x00007ffaeb060000 - 0x00007ffaeb196000 	C:\WINDOWS\SYSTEM32\wintypes.dll
0x00007ffaf1f80000 - 0x00007ffaf20e7000 	C:\WINDOWS\System32\MSCTF.dll
0x00007ffaf1390000 - 0x00007ffaf1455000 	C:\WINDOWS\System32\OLEAUT32.dll
0x00007ffaeda90000 - 0x00007ffaeda9c000 	C:\WINDOWS\SYSTEM32\HID.DLL
0x00007ffaf1460000 - 0x00007ffaf18ae000 	C:\WINDOWS\System32\SETUPAPI.DLL
0x00007ffaeed60000 - 0x00007ffaeedb8000 	C:\WINDOWS\System32\WINTRUST.dll
0x00007ffaeecb0000 - 0x00007ffaeecc2000 	C:\WINDOWS\System32\MSASN1.dll
0x00007ffaeedc0000 - 0x00007ffaeef8e000 	C:\WINDOWS\System32\CRYPT32.dll
0x00007ffae50f0000 - 0x00007ffae520e000 	C:\WINDOWS\SYSTEM32\opengl32.dll
0x00007ffada380000 - 0x00007ffada3ac000 	C:\WINDOWS\SYSTEM32\GLU32.dll
0x0000000075d30000 - 0x0000000077ff7000 	C:\WINDOWS\SYSTEM32\nvoglv64.DLL
0x00007ffaf23e0000 - 0x00007ffaf2529000 	C:\WINDOWS\System32\ole32.dll
0x00007ffaeb2c0000 - 0x00007ffaeb2d3000 	C:\WINDOWS\SYSTEM32\WTSAPI32.dll
0x00007ffae1230000 - 0x00007ffae1484000 	C:\WINDOWS\system32\nvspcap64.dll
0x00007ffaede60000 - 0x00007ffaedeb5000 	C:\WINDOWS\SYSTEM32\WINSTA.dll
0x00007ffae59e0000 - 0x00007ffae5a78000 	C:\WINDOWS\System32\TextInputFramework.dll
0x00007ffad0170000 - 0x00007ffad01cf000 	C:\Users\gebruiker-pc\AppData\Local\Temp\lwjglgebruiker-pc\3.1.5-build-1\lwjgl_opengl.dll
0x00007ffaee700000 - 0x00007ffaee717000 	C:\WINDOWS\SYSTEM32\CRYPTSP.dll
0x00007ffaee150000 - 0x00007ffaee183000 	C:\WINDOWS\system32\rsaenh.dll
0x00007ffaee810000 - 0x00007ffaee835000 	C:\WINDOWS\SYSTEM32\bcrypt.dll
0x00007ffaeebe0000 - 0x00007ffaeec09000 	C:\WINDOWS\SYSTEM32\USERENV.dll
0x00007ffaee720000 - 0x00007ffaee72b000 	C:\WINDOWS\SYSTEM32\CRYPTBASE.dll
0x00007ffaee2d0000 - 0x00007ffaee309000 	C:\WINDOWS\SYSTEM32\IPHLPAPI.DLL
0x00007ffaf2110000 - 0x00007ffaf2118000 	C:\WINDOWS\System32\NSI.dll
0x00007ffae8110000 - 0x00007ffae8126000 	C:\WINDOWS\SYSTEM32\dhcpcsvc6.DLL
0x00007ffae80f0000 - 0x00007ffae810a000 	C:\WINDOWS\SYSTEM32\dhcpcsvc.DLL
0x00007ffadf080000 - 0x00007ffadf248000 	C:\WINDOWS\SYSTEM32\dbghelp.dll

VM Arguments:
jvm_args: -Dfile.encoding=Cp1252 
java_command: main.GameLoop
java_class_path (initial): C:\Program Files\Java\jdk1.8.0_111\jre\lib\resources.jar;C:\Program Files\Java\jdk1.8.0_111\jre\lib\rt.jar;C:\Program Files\Java\jdk1.8.0_111\jre\lib\jsse.jar;C:\Program Files\Java\jdk1.8.0_111\jre\lib\jce.jar;C:\Program Files\Java\jdk1.8.0_111\jre\lib\charsets.jar;C:\Program Files\Java\jdk1.8.0_111\jre\lib\jfr.jar;C:\Program Files\Java\jdk1.8.0_111\jre\lib\ext\access-bridge-64.jar;C:\Program Files\Java\jdk1.8.0_111\jre\lib\ext\cldrdata.jar;C:\Program Files\Java\jdk1.8.0_111\jre\lib\ext\dnsns.jar;C:\Program Files\Java\jdk1.8.0_111\jre\lib\ext\jaccess.jar;C:\Program Files\Java\jdk1.8.0_111\jre\lib\ext\jfxrt.jar;C:\Program Files\Java\jdk1.8.0_111\jre\lib\ext\localedata.jar;C:\Program Files\Java\jdk1.8.0_111\jre\lib\ext\nashorn.jar;C:\Program Files\Java\jdk1.8.0_111\jre\lib\ext\sunec.jar;C:\Program Files\Java\jdk1.8.0_111\jre\lib\ext\sunjce_provider.jar;C:\Program Files\Java\jdk1.8.0_111\jre\lib\ext\sunmscapi.jar;C:\Program Files\Java\jdk1.8.0_111\jre\lib\ext\sunpkcs11.jar;C:\Program Files\Java\jdk1.8.0_111\jre\lib\ext\zipfs.jar;C:\Users\gebruiker-pc\git\GameEngine\bin;C:\Users\gebruiker-pc\git\GameEngine\lib\jars\joml-1.9.6-javadoc.jar;C:\Users\gebruiker-pc\git\GameEngine\lib\jars\joml-1.9.6-sources.jar;C:\Users\gebruiker-pc\git\GameEngine\lib\jars\joml-1.9.6.jar;C:\Users\gebruiker-pc\git\GameEngine\lib\jars\lwjgl_util.jar;C:\Users\gebruiker-pc\git\GameEngine\lib\jars\lwjgl-egl-javadoc.jar;C:\Users\gebruiker-pc\git\GameEngine\lib\jars\lwjgl-egl-sources.jar;C:\Users\gebruiker-pc\git\GameEngine\lib\jars\lwjgl-egl.jar;C:\Users\gebruiker-pc\git\GameEngine\lib\jars\lwjgl-glfw-javadoc.jar;C:\Users\gebruiker-pc\git\GameEngine\lib\jars\lwjgl-glfw-natives-windows.jar;C:\Users\gebruiker-pc\git\GameEngine\lib\jars\lwjgl-glfw-sources.jar;C:\Users\gebruiker-pc\git\GameEngine\lib\jars\lwjgl-glfw.jar;C:\Users\gebruiker-pc\git\GameEngine\lib\jars\lwjgl-javadoc.jar;C:\Users\gebruiker-pc\git\GameEngine\lib\jars\lwjgl-natives-windows.jar;C:\Users\gebruiker-p
Launcher Type: SUN_STANDARD

Environment Variables:
PATH=C:/Program Files/Java/jdk1.8.0_111/jre/bin/server;C:/Program Files/Java/jdk1.8.0_111/jre/bin;C:/Program Files/Java/jdk1.8.0_111/jre/lib/amd64;C:\ProgramData\Oracle\Java\javapath;C:\Program Files (x86)\Razer Chroma SDK\bin;C:\Program Files\Razer Chroma SDK\bin;c:\Program Files (x86)\Intel\iCLS Client\;c:\Program Files\Intel\iCLS Client\;C:\windows\system32;C:\windows;C:\windows\System32\Wbem;C:\windows\System32\WindowsPowerShell\v1.0\;C:\Program Files\Intel\Intel(R) Management Engine Components\DAL;C:\Program Files\Intel\Intel(R) Management Engine Components\IPT;C:\Program Files (x86)\Intel\Intel(R) Management Engine Components\DAL;C:\Program Files (x86)\Intel\Intel(R) Management Engine Components\IPT;C:\Program Files\Hewlett-Packard\SimplePass\;C:\Program Files (x86)\NVIDIA Corporation\PhysX\Common;C:\Program Files (x86)\Common Files\Roxio Shared\DLLShared\;C:\Program Files (x86)\Common Files\Roxio Shared\Game1X\DLLShared\;C:\WINDOWS\system32;C:\WINDOWS;C:\WINDOWS\System32\Wbem;C:\WINDOWS\System32\WindowsPowerShell\v1.0\;C:\WINDOWS\system32\config\systemprofile\AppData\Local\Microsoft\WindowsApps;C:\Program Files (x86)\Skype\Phone\;C:\Program Files (x86)\GtkSharp\2.12\bin;C:\Program Files\Java\jdk1.8.0_111\bin;C:\Program Files\Java\jre1.8.0_111\bin;C:\Users\gebruiker-pc\AppData\Local\Android\sdk\platform-tools;C:\Users\gebruiker-pc\AppData\Local\Microsoft\WindowsApps;;C:\Users\gebruiker-pc\Desktop;
USERNAME=gebruiker-pc
OS=Windows_NT
PROCESSOR_IDENTIFIER=Intel64 Family 6 Model 60 Stepping 3, GenuineIntel



---------------  S Y S T E M  ---------------

OS: Windows 10.0 , 64 bit Build 16299 (10.0.16299.15)

CPU:total 8 (4 cores per cpu, 2 threads per core) family 6 model 60 stepping 3, cmov, cx8, fxsr, mmx, sse, sse2, sse3, ssse3, sse4.1, sse4.2, popcnt, avx, avx2, aes, clmul, erms, lzcnt, ht, tsc, tscinvbit, bmi1, bmi2

Memory: 4k page, physical 12520512k(3543632k free), swap 15942460k(1953080k free)

vm_info: Java HotSpot(TM) 64-Bit Server VM (25.111-b14) for windows-amd64 JRE (1.8.0_111-b14), built on Sep 22 2016 19:24:05 by "java_re" with MS VC++ 10.0 (VS2010)

time: Thu Jan 18 18:05:18 2018
elapsed time: 2 seconds (0d 0h 0m 2s)

