#
# A fatal error has been detected by the Java Runtime Environment:
#
#  EXCEPTION_ACCESS_VIOLATION (0xc0000005) at pc=0x00007ff8a6e0f48d, pid=14852, tid=0x0000000000004100
#
# JRE version: Java(TM) SE Runtime Environment (8.0_111-b14) (build 1.8.0_111-b14)
# Java VM: Java HotSpot(TM) 64-Bit Server VM (25.111-b14 mixed mode windows-amd64 compressed oops)
# Problematic frame:
# C  [lwjgl_opengl.dll+0xf48d]
#
# Failed to write core dump. Minidumps are not enabled by default on client versions of Windows
#
# If you would like to submit a bug report, please visit:
#   http://bugreport.java.com/bugreport/crash.jsp
# The crash happened outside the Java Virtual Machine in native code.
# See problematic frame for where to report the bug.
#

---------------  T H R E A D  ---------------

Current thread (0x000000002e07c800):  JavaThread "Thread-1" [_thread_in_native, id=16640, stack(0x000000002fb10000,0x000000002fc10000)]

siginfo: ExceptionCode=0xc0000005, reading address 0x0000000000000a18

Registers:
RAX=0x0000000072aaed50, RBX=0x000000001c1f0218, RCX=0x0000000000000001, RDX=0x000000001fb08c2c
RSP=0x000000002fc0f268, RBP=0x000000002fc0f2e8, RSI=0x000000001fb08c2c, RDI=0x000000000502835d
R8 =0x0000000000000001, R9 =0x000000001fb08c2c, R10=0x0000000000000000, R11=0x000000007253b580
R12=0x0000000000000000, R13=0x000000001c1f0218, R14=0x000000002fc0f318, R15=0x000000002e07c800
RIP=0x00007ff8a6e0f48d, EFLAGS=0x0000000000010206

Top of Stack: (sp=0x000000002fc0f268)
0x000000002fc0f268:   0000000005037f74 000000000502835d
0x000000002fc0f278:   0000000005037ceb 000000002e07c800
0x000000002fc0f288:   000000001c1f0218 000000001fb08c2c
0x000000002fc0f298:   000000002e07c800 0000000005037ca2
0x000000002fc0f2a8:   000000002fc0f2a8 000000001c1f0218
0x000000002fc0f2b8:   000000002fc0f318 000000001c215028
0x000000002fc0f2c8:   0000000000000000 000000001c1f0218
0x000000002fc0f2d8:   0000000000000000 000000002fc0f308
0x000000002fc0f2e8:   000000002fc0f360 000000000502835d
0x000000002fc0f2f8:   000000078356dea8 00000000050319d8
0x000000002fc0f308:   000000001fb08c2c 0000000780ab9050
0x000000002fc0f318:   0000000000000001 000000002fc0f320
0x000000002fc0f328:   000000001c1f038c 000000002fc0f390
0x000000002fc0f338:   000000001c215028 0000000000000000
0x000000002fc0f348:   000000001c1f0400 000000002fc0f308
0x000000002fc0f358:   000000002fc0f390 000000002fc0f3d8 

Instructions: (pc=0x00007ff8a6e0f48d)
0x00007ff8a6e0f46d:   49 ff a2 58 0f 00 00 cc cc cc cc cc cc cc cc cc
0x00007ff8a6e0f47d:   cc cc cc 48 8b 01 49 8b d1 41 8b c8 4c 8b 50 18
0x00007ff8a6e0f48d:   49 ff a2 18 0a 00 00 cc cc cc cc cc cc cc cc cc
0x00007ff8a6e0f49d:   cc cc cc 48 8b 01 49 8b d1 41 8b c8 4c 8b 50 18 


Register to memory mapping:

RAX=0x0000000072aaed50 is an unknown value
RBX={method} {0x000000001c1f0220} 'nglDeleteTextures' '(IJ)V' in 'org/lwjgl/opengl/GL11'
RCX=0x0000000000000001 is an unknown value
RDX=0x000000001fb08c2c is an unknown value
RSP=0x000000002fc0f268 is pointing into the stack for thread: 0x000000002e07c800
RBP=0x000000002fc0f2e8 is pointing into the stack for thread: 0x000000002e07c800
RSI=0x000000001fb08c2c is an unknown value
RDI=0x000000000502835d is at code_begin+2301 in an Interpreter codelet
invoke return entry points  [0x0000000005027a60, 0x0000000005028440]  2528 bytes
R8 =0x0000000000000001 is an unknown value
R9 =0x000000001fb08c2c is an unknown value
R10=0x0000000000000000 is an unknown value
R11=0x000000007253b580 is an unknown value
R12=0x0000000000000000 is an unknown value
R13={method} {0x000000001c1f0220} 'nglDeleteTextures' '(IJ)V' in 'org/lwjgl/opengl/GL11'
R14=0x000000002fc0f318 is pointing into the stack for thread: 0x000000002e07c800
R15=0x000000002e07c800 is a thread


Stack: [0x000000002fb10000,0x000000002fc10000],  sp=0x000000002fc0f268,  free space=1020k
Native frames: (J=compiled Java code, j=interpreted, Vv=VM code, C=native code)
C  [CoreMessaging.dll+0xf48d]

Java frames: (J=compiled Java code, j=interpreted, Vv=VM code)
j  org.lwjgl.opengl.GL11.nglDeleteTextures(IJ)V+0
j  org.lwjgl.opengl.GL11.glDeleteTextures(I)V+20
j  textures.Texture.deleteTexture(I)V+9
j  textures.Texture.delete()V+4
j  images.Image.delete()V+4
j  guis.ImageComponent.delete()V+4
j  guis.LoadingGui$1$1.run()V+20
j  utils.tasks.Task.dotask()V+1
j  utils.tasks.Task.access$0(Lutils/tasks/Task;)V+1
j  utils.tasks.Task$1.run()V+12
j  java.lang.Thread.run()V+11
v  ~StubRoutines::call_stub

---------------  P R O C E S S  ---------------

Java Threads: ( => current thread )
=>0x000000002e07c800 JavaThread "Thread-1" [_thread_in_native, id=16640, stack(0x000000002fb10000,0x000000002fc10000)]
  0x000000001e552800 JavaThread "Service Thread" daemon [_thread_blocked, id=18948, stack(0x000000001f0a0000,0x000000001f1a0000)]
  0x000000001e4c4800 JavaThread "C1 CompilerThread3" daemon [_thread_blocked, id=8860, stack(0x000000001efa0000,0x000000001f0a0000)]
  0x000000001e4b7800 JavaThread "C2 CompilerThread2" daemon [_thread_blocked, id=13780, stack(0x000000001eea0000,0x000000001efa0000)]
  0x000000001e4af000 JavaThread "C2 CompilerThread1" daemon [_thread_blocked, id=8732, stack(0x000000001eda0000,0x000000001eea0000)]
  0x000000001e4ab000 JavaThread "C2 CompilerThread0" daemon [_thread_blocked, id=14844, stack(0x000000001eca0000,0x000000001eda0000)]
  0x000000001e4a9800 JavaThread "Attach Listener" daemon [_thread_blocked, id=2460, stack(0x000000001eba0000,0x000000001eca0000)]
  0x000000001e4a6800 JavaThread "Signal Dispatcher" daemon [_thread_blocked, id=11812, stack(0x000000001eaa0000,0x000000001eba0000)]
  0x000000001e4a0800 JavaThread "Finalizer" daemon [_thread_blocked, id=15448, stack(0x000000001e880000,0x000000001e980000)]
  0x000000001c59d800 JavaThread "Reference Handler" daemon [_thread_blocked, id=12276, stack(0x000000001e380000,0x000000001e480000)]
  0x0000000004f22800 JavaThread "main" [_thread_in_vm, id=15844, stack(0x0000000004e20000,0x0000000004f20000)]

Other Threads:
  0x000000001c599800 VMThread [stack: 0x000000001e280000,0x000000001e380000] [id=12876]
  0x000000001e56f000 WatcherThread [stack: 0x000000001f2f0000,0x000000001f3f0000] [id=5660]

VM state:not at safepoint (normal execution)

VM Mutex/Monitor currently owned by a thread:  ([mutex/lock_event])
[0x0000000004e1e230] AdapterHandlerLibrary_lock - owner thread: 0x0000000004f22800

Heap:
 PSYoungGen      total 57344K, used 10681K [0x0000000780500000, 0x0000000784500000, 0x00000007c0000000)
  eden space 49152K, 12% used [0x0000000780500000,0x0000000780b33d20,0x0000000783500000)
  from space 8192K, 52% used [0x0000000783500000,0x000000078393a778,0x0000000783d00000)
  to   space 8192K, 0% used [0x0000000783d00000,0x0000000783d00000,0x0000000784500000)
 ParOldGen       total 131072K, used 16K [0x0000000700e00000, 0x0000000708e00000, 0x0000000780500000)
  object space 131072K, 0% used [0x0000000700e00000,0x0000000700e04000,0x0000000708e00000)
 Metaspace       used 10701K, capacity 10927K, committed 11136K, reserved 1058816K
  class space    used 989K, capacity 1098K, committed 1152K, reserved 1048576K

Card table byte_map: [0x00000000143e0000,0x00000000149e0000] byte_map_base: 0x0000000010bd9000

Marking Bits: (ParMarkBitMap*) 0x0000000072b2a6c0
 Begin Bits: [0x00000000155e0000, 0x00000000185a8000)
 End Bits:   [0x00000000185a8000, 0x000000001b570000)

Polling page: 0x0000000004de0000

CodeCache: size=245760Kb used=3754Kb max_used=3754Kb free=242005Kb
 bounds [0x0000000005020000, 0x00000000053d0000, 0x0000000014020000]
 total_blobs=1873 nmethods=994 adapters=792
 compilation: enabled

Compilation events (10 events):
Event: 2.978 Thread 0x000000001e4c4800  983       3       objects.Vao::bind (35 bytes)
Event: 2.978 Thread 0x000000001e4c4800 nmethod 983 0x00000000053c6690 code [0x00000000053c6820, 0x00000000053c6b78]
Event: 2.978 Thread 0x000000001e4c4800  984       3       objects.Vao::unbind (35 bytes)
Event: 2.978 Thread 0x000000001e4c4800 nmethod 984 0x00000000053c6d10 code [0x00000000053c6ea0, 0x00000000053c71b8]
Event: 3.078 Thread 0x000000001e4c4800  985       3       java.lang.Math::toRadians (10 bytes)
Event: 3.078 Thread 0x000000001e4c4800 nmethod 985 0x00000000053c7350 code [0x00000000053c74c0, 0x00000000053c7610]
Event: 3.078 Thread 0x000000001e4c4800  986       3       org.lwjgl.util.vector.Matrix::<init> (5 bytes)
Event: 3.078 Thread 0x000000001e4c4800 nmethod 986 0x00000000053c7690 code [0x00000000053c77e0, 0x00000000053c7990]
Event: 3.078 Thread 0x000000001e4c4800  987       1       utils.transformations.EulerTransform::access$0 (5 bytes)
Event: 3.078 Thread 0x000000001e4c4800 nmethod 987 0x00000000053c7a50 code [0x00000000053c7ba0, 0x00000000053c7c90]

GC Heap History (2 events):
Event: 1.864 GC heap before
{Heap before GC invocations=1 (full 0):
 PSYoungGen      total 57344K, used 49152K [0x0000000780500000, 0x0000000784500000, 0x00000007c0000000)
  eden space 49152K, 100% used [0x0000000780500000,0x0000000783500000,0x0000000783500000)
  from space 8192K, 0% used [0x0000000783d00000,0x0000000783d00000,0x0000000784500000)
  to   space 8192K, 0% used [0x0000000783500000,0x0000000783500000,0x0000000783d00000)
 ParOldGen       total 131072K, used 0K [0x0000000700e00000, 0x0000000708e00000, 0x0000000780500000)
  object space 131072K, 0% used [0x0000000700e00000,0x0000000700e00000,0x0000000708e00000)
 Metaspace       used 10487K, capacity 10767K, committed 11136K, reserved 1058816K
  class space    used 954K, capacity 1066K, committed 1152K, reserved 1048576K
Event: 1.867 GC heap after
Heap after GC invocations=1 (full 0):
 PSYoungGen      total 57344K, used 4329K [0x0000000780500000, 0x0000000784500000, 0x00000007c0000000)
  eden space 49152K, 0% used [0x0000000780500000,0x0000000780500000,0x0000000783500000)
  from space 8192K, 52% used [0x0000000783500000,0x000000078393a778,0x0000000783d00000)
  to   space 8192K, 0% used [0x0000000783d00000,0x0000000783d00000,0x0000000784500000)
 ParOldGen       total 131072K, used 16K [0x0000000700e00000, 0x0000000708e00000, 0x0000000780500000)
  object space 131072K, 0% used [0x0000000700e00000,0x0000000700e04000,0x0000000708e00000)
 Metaspace       used 10487K, capacity 10767K, committed 11136K, reserved 1058816K
  class space    used 954K, capacity 1066K, committed 1152K, reserved 1048576K
}

Deoptimization events (5 events):
Event: 0.207 Thread 0x0000000004f22800 Uncommon trap: reason=unstable_if action=reinterpret pc=0x00000000051d2b38 method=java.lang.String.indexOf([CII[CIII)I @ 134
Event: 1.544 Thread 0x0000000004f22800 Uncommon trap: reason=unstable_if action=reinterpret pc=0x000000000526dce0 method=java.lang.String.indexOf([CII[CIII)I @ 3
Event: 1.641 Thread 0x0000000004f22800 Uncommon trap: reason=unstable_if action=reinterpret pc=0x000000000531d120 method=java.io.BufferedReader.readLine(Z)Ljava/lang/String; @ 192
Event: 1.678 Thread 0x0000000004f22800 Uncommon trap: reason=predicate action=maybe_recompile pc=0x0000000005361010 method=java.util.AbstractCollection.toArray([Ljava/lang/Object;)[Ljava/lang/Object; @ 49
Event: 1.678 Thread 0x0000000004f22800 Uncommon trap: reason=unstable_if action=reinterpret pc=0x000000000536a0cc method=sun.misc.FloatingDecimal$ASCIIToBinaryBuffer.floatValue()F @ 70

Internal exceptions (10 events):
Event: 0.071 Thread 0x0000000004f22800 Exception <a 'java/io/FileNotFoundException'> (0x000000078057dd80) thrown at [C:\re\workspace\8-2-build-windows-amd64-cygwin\jdk8u111\7883\hotspot\src\share\vm\prims\jni.cpp, line 709]
Event: 0.114 Thread 0x0000000004f22800 Exception <a 'java/security/PrivilegedActionException'> (0x000000078070c9e8) thrown at [C:\re\workspace\8-2-build-windows-amd64-cygwin\jdk8u111\7883\hotspot\src\share\vm\prims\jvm.cpp, line 1386]
Event: 0.114 Thread 0x0000000004f22800 Exception <a 'java/security/PrivilegedActionException'> (0x000000078070cde0) thrown at [C:\re\workspace\8-2-build-windows-amd64-cygwin\jdk8u111\7883\hotspot\src\share\vm\prims\jvm.cpp, line 1386]
Event: 0.115 Thread 0x0000000004f22800 Exception <a 'java/security/PrivilegedActionException'> (0x0000000780711098) thrown at [C:\re\workspace\8-2-build-windows-amd64-cygwin\jdk8u111\7883\hotspot\src\share\vm\prims\jvm.cpp, line 1386]
Event: 0.115 Thread 0x0000000004f22800 Exception <a 'java/security/PrivilegedActionException'> (0x0000000780711490) thrown at [C:\re\workspace\8-2-build-windows-amd64-cygwin\jdk8u111\7883\hotspot\src\share\vm\prims\jvm.cpp, line 1386]
Event: 0.173 Thread 0x0000000004f22800 Exception <a 'java/lang/NoSuchMethodError': java.lang.Object.lambda$static$0(Ljava/lang/String;)Ljava/lang/Boolean;> (0x0000000780897e48) thrown at [C:\re\workspace\8-2-build-windows-amd64-cygwin\jdk8u111\7883\hotspot\src\share\vm\interpreter\linkResolver
Event: 0.182 Thread 0x0000000004f22800 Exception <a 'java/lang/NoSuchFieldError': method resolution failed> (0x00000007809102a8) thrown at [C:\re\workspace\8-2-build-windows-amd64-cygwin\jdk8u111\7883\hotspot\src\share\vm\prims\methodHandles.cpp, line 1146]
Event: 0.184 Thread 0x0000000004f22800 Exception <a 'java/lang/NoSuchFieldError': method resolution failed> (0x000000078091d678) thrown at [C:\re\workspace\8-2-build-windows-amd64-cygwin\jdk8u111\7883\hotspot\src\share\vm\prims\methodHandles.cpp, line 1146]
Event: 1.301 Thread 0x0000000004f22800 Exception <a 'sun/nio/fs/WindowsException'> (0x0000000780cc5e70) thrown at [C:\re\workspace\8-2-build-windows-amd64-cygwin\jdk8u111\7883\hotspot\src\share\vm\prims\jni.cpp, line 709]
Event: 1.302 Thread 0x0000000004f22800 Exception <a 'sun/nio/fs/WindowsException'> (0x0000000780cc66b0) thrown at [C:\re\workspace\8-2-build-windows-amd64-cygwin\jdk8u111\7883\hotspot\src\share\vm\prims\jni.cpp, line 709]

Events (10 events):
Event: 2.065 loading class utils/tasks/ITask done
Event: 2.065 loading class utils/tasks/Task$1
Event: 2.065 loading class utils/tasks/Task$1 done
Event: 2.066 Thread 0x000000002e07b000 Thread added: 0x000000002e07b000
Event: 2.566 loading class guis/LoadingGui$1$1
Event: 2.566 loading class guis/LoadingGui$1$1 done
Event: 2.567 Thread 0x000000002e07c800 Thread added: 0x000000002e07c800
Event: 2.567 Thread 0x000000002e07b000 Thread exited: 0x000000002e07b000
Event: 3.078 loading class utils/guis/Collision
Event: 3.078 loading class utils/guis/Collision done


Dynamic libraries:
0x00007ff72c750000 - 0x00007ff72c787000 	C:\Program Files\Java\jdk1.8.0_111\bin\javaw.exe
0x00007ff8b67e0000 - 0x00007ff8b69c0000 	C:\WINDOWS\SYSTEM32\ntdll.dll
0x00007ff895650000 - 0x00007ff895684000 	C:\Program Files\AVAST Software\Avast\x64\aswhooka.dll
0x00007ff8b6440000 - 0x00007ff8b64ee000 	C:\WINDOWS\System32\KERNEL32.DLL
0x00007ff8b2dd0000 - 0x00007ff8b3036000 	C:\WINDOWS\System32\KERNELBASE.dll
0x00007ff8b6390000 - 0x00007ff8b6431000 	C:\WINDOWS\System32\ADVAPI32.dll
0x00007ff8b6710000 - 0x00007ff8b67ad000 	C:\WINDOWS\System32\msvcrt.dll
0x00007ff8b5c50000 - 0x00007ff8b5cab000 	C:\WINDOWS\System32\sechost.dll
0x00007ff8b5b30000 - 0x00007ff8b5c4f000 	C:\WINDOWS\System32\RPCRT4.dll
0x00007ff8b6580000 - 0x00007ff8b670f000 	C:\WINDOWS\System32\USER32.dll
0x00007ff8b3ac0000 - 0x00007ff8b3ae0000 	C:\WINDOWS\System32\win32u.dll
0x00007ff8b5b00000 - 0x00007ff8b5b28000 	C:\WINDOWS\System32\GDI32.dll
0x00007ff8b2c30000 - 0x00007ff8b2dc3000 	C:\WINDOWS\System32\gdi32full.dll
0x00007ff8b38f0000 - 0x00007ff8b398b000 	C:\WINDOWS\System32\msvcp_win.dll
0x00007ff8b37f0000 - 0x00007ff8b38e6000 	C:\WINDOWS\System32\ucrtbase.dll
0x00007ff8a6130000 - 0x00007ff8a6399000 	C:\WINDOWS\WinSxS\amd64_microsoft.windows.common-controls_6595b64144ccf1df_6.0.16299.125_none_15cbcf8893620c09\COMCTL32.dll
0x00007ff8b4200000 - 0x00007ff8b4508000 	C:\WINDOWS\System32\combase.dll
0x00007ff8b3a40000 - 0x00007ff8b3ab2000 	C:\WINDOWS\System32\bcryptPrimitives.dll
0x00007ff8b59f0000 - 0x00007ff8b5a1d000 	C:\WINDOWS\System32\IMM32.DLL
0x0000000072120000 - 0x00000000721f2000 	C:\Program Files\Java\jdk1.8.0_111\jre\bin\msvcr100.dll
0x0000000072310000 - 0x0000000072baa000 	C:\Program Files\Java\jdk1.8.0_111\jre\bin\server\jvm.dll
0x00007ff8b5a20000 - 0x00007ff8b5a28000 	C:\WINDOWS\System32\PSAPI.DLL
0x00007ff8ae810000 - 0x00007ff8ae819000 	C:\WINDOWS\SYSTEM32\WSOCK32.dll
0x00007ff8b5a90000 - 0x00007ff8b5afc000 	C:\WINDOWS\System32\WS2_32.dll
0x00007ff8af940000 - 0x00007ff8af963000 	C:\WINDOWS\SYSTEM32\WINMM.dll
0x00007ff8acef0000 - 0x00007ff8acefa000 	C:\WINDOWS\SYSTEM32\VERSION.dll
0x00007ff8af8e0000 - 0x00007ff8af90a000 	C:\WINDOWS\SYSTEM32\WINMMBASE.dll
0x00007ff8b2be0000 - 0x00007ff8b2c2a000 	C:\WINDOWS\System32\cfgmgr32.dll
0x0000000072300000 - 0x000000007230f000 	C:\Program Files\Java\jdk1.8.0_111\jre\bin\verify.dll
0x00000000722d0000 - 0x00000000722f9000 	C:\Program Files\Java\jdk1.8.0_111\jre\bin\java.dll
0x00000000722b0000 - 0x00000000722c6000 	C:\Program Files\Java\jdk1.8.0_111\jre\bin\zip.dll
0x00007ff8b45b0000 - 0x00007ff8b59e6000 	C:\WINDOWS\System32\SHELL32.dll
0x00007ff8b4150000 - 0x00007ff8b41f6000 	C:\WINDOWS\System32\shcore.dll
0x00007ff8b30a0000 - 0x00007ff8b37e7000 	C:\WINDOWS\System32\windows.storage.dll
0x00007ff8b5a30000 - 0x00007ff8b5a81000 	C:\WINDOWS\System32\shlwapi.dll
0x00007ff8b2b30000 - 0x00007ff8b2b41000 	C:\WINDOWS\System32\kernel.appcore.dll
0x00007ff8b2b90000 - 0x00007ff8b2bdc000 	C:\WINDOWS\System32\powrprof.dll
0x00007ff8b2b70000 - 0x00007ff8b2b8b000 	C:\WINDOWS\System32\profapi.dll
0x0000000072290000 - 0x00000000722aa000 	C:\Program Files\Java\jdk1.8.0_111\jre\bin\net.dll
0x00007ff8b23c0000 - 0x00007ff8b2426000 	C:\WINDOWS\system32\mswsock.dll
0x0000000072270000 - 0x0000000072281000 	C:\Program Files\Java\jdk1.8.0_111\jre\bin\nio.dll
0x00007ff8a7f70000 - 0x00007ff8a7fc9000 	C:\Users\gebruiker-pc\AppData\Local\Temp\lwjglgebruiker-pc\3.1.5-build-1\lwjgl.dll
0x00007ff8a7f20000 - 0x00007ff8a7f6e000 	C:\Users\GEBRUI~1\AppData\Local\Temp\lwjglgebruiker-pc\3.1.5-build-1\glfw.dll
0x00007ff8b10d0000 - 0x00007ff8b1165000 	C:\WINDOWS\system32\uxtheme.dll
0x00007ff8a6e60000 - 0x00007ff8a6ea3000 	C:\WINDOWS\SYSTEM32\dinput8.dll
0x00007ff8afa50000 - 0x00007ff8afa60000 	C:\WINDOWS\SYSTEM32\xinput1_4.dll
0x00007ff8b2940000 - 0x00007ff8b2967000 	C:\WINDOWS\SYSTEM32\DEVOBJ.dll
0x00007ff8b13c0000 - 0x00007ff8b13ea000 	C:\WINDOWS\SYSTEM32\dwmapi.dll
0x00007ff8adbb0000 - 0x00007ff8adbde000 	C:\WINDOWS\SYSTEM32\inputhost.dll
0x00007ff8b0390000 - 0x00007ff8b046d000 	C:\WINDOWS\SYSTEM32\CoreMessaging.dll
0x00007ff8ade30000 - 0x00007ff8ae11e000 	C:\WINDOWS\SYSTEM32\CoreUIComponents.dll
0x00007ff8b1c70000 - 0x00007ff8b1ca1000 	C:\WINDOWS\SYSTEM32\ntmarta.dll
0x00007ff8af280000 - 0x00007ff8af3b6000 	C:\WINDOWS\SYSTEM32\wintypes.dll
0x00007ff8b6220000 - 0x00007ff8b6387000 	C:\WINDOWS\System32\MSCTF.dll
0x00007ff8b3eb0000 - 0x00007ff8b3f75000 	C:\WINDOWS\System32\OLEAUT32.dll
0x00007ff8b1910000 - 0x00007ff8b191c000 	C:\WINDOWS\SYSTEM32\HID.DLL
0x00007ff8b5cc0000 - 0x00007ff8b610e000 	C:\WINDOWS\System32\SETUPAPI.DLL
0x00007ff8b3040000 - 0x00007ff8b3098000 	C:\WINDOWS\System32\WINTRUST.dll
0x00007ff8b2b50000 - 0x00007ff8b2b62000 	C:\WINDOWS\System32\MSASN1.dll
0x00007ff8b3ae0000 - 0x00007ff8b3cae000 	C:\WINDOWS\System32\CRYPT32.dll
0x00007ff899280000 - 0x00007ff89939e000 	C:\WINDOWS\SYSTEM32\opengl32.dll
0x00007ff8ae1f0000 - 0x00007ff8ae21c000 	C:\WINDOWS\SYSTEM32\GLU32.dll
0x000000006f230000 - 0x00000000714f7000 	C:\WINDOWS\SYSTEM32\nvoglv64.DLL
0x00007ff8b4000000 - 0x00007ff8b4149000 	C:\WINDOWS\System32\ole32.dll
0x00007ff8af970000 - 0x00007ff8af983000 	C:\WINDOWS\SYSTEM32\WTSAPI32.dll
0x00007ff8a7280000 - 0x00007ff8a74d4000 	C:\WINDOWS\system32\nvspcap64.dll
0x00007ff8b1ce0000 - 0x00007ff8b1d35000 	C:\WINDOWS\SYSTEM32\WINSTA.dll
0x00007ff8a8d80000 - 0x00007ff8a8e18000 	C:\WINDOWS\System32\TextInputFramework.dll
0x00007ff8a6e00000 - 0x00007ff8a6e5f000 	C:\Users\gebruiker-pc\AppData\Local\Temp\lwjglgebruiker-pc\3.1.5-build-1\lwjgl_opengl.dll
0x00007ff8a5810000 - 0x00007ff8a59d8000 	C:\WINDOWS\SYSTEM32\dbghelp.dll

VM Arguments:
jvm_args: -Dfile.encoding=Cp1252 
java_command: main.GameLoop
java_class_path (initial): C:\Program Files\Java\jdk1.8.0_111\jre\lib\resources.jar;C:\Program Files\Java\jdk1.8.0_111\jre\lib\rt.jar;C:\Program Files\Java\jdk1.8.0_111\jre\lib\jsse.jar;C:\Program Files\Java\jdk1.8.0_111\jre\lib\jce.jar;C:\Program Files\Java\jdk1.8.0_111\jre\lib\charsets.jar;C:\Program Files\Java\jdk1.8.0_111\jre\lib\jfr.jar;C:\Program Files\Java\jdk1.8.0_111\jre\lib\ext\access-bridge-64.jar;C:\Program Files\Java\jdk1.8.0_111\jre\lib\ext\cldrdata.jar;C:\Program Files\Java\jdk1.8.0_111\jre\lib\ext\dnsns.jar;C:\Program Files\Java\jdk1.8.0_111\jre\lib\ext\jaccess.jar;C:\Program Files\Java\jdk1.8.0_111\jre\lib\ext\jfxrt.jar;C:\Program Files\Java\jdk1.8.0_111\jre\lib\ext\localedata.jar;C:\Program Files\Java\jdk1.8.0_111\jre\lib\ext\nashorn.jar;C:\Program Files\Java\jdk1.8.0_111\jre\lib\ext\sunec.jar;C:\Program Files\Java\jdk1.8.0_111\jre\lib\ext\sunjce_provider.jar;C:\Program Files\Java\jdk1.8.0_111\jre\lib\ext\sunmscapi.jar;C:\Program Files\Java\jdk1.8.0_111\jre\lib\ext\sunpkcs11.jar;C:\Program Files\Java\jdk1.8.0_111\jre\lib\ext\zipfs.jar;C:\Users\gebruiker-pc\git\GameEngine\bin;C:\Users\gebruiker-pc\git\GameEngine\lib\jars\joml-1.9.6-javadoc.jar;C:\Users\gebruiker-pc\git\GameEngine\lib\jars\joml-1.9.6-sources.jar;C:\Users\gebruiker-pc\git\GameEngine\lib\jars\joml-1.9.6.jar;C:\Users\gebruiker-pc\git\GameEngine\lib\jars\lwjgl_util.jar;C:\Users\gebruiker-pc\git\GameEngine\lib\jars\lwjgl-egl-javadoc.jar;C:\Users\gebruiker-pc\git\GameEngine\lib\jars\lwjgl-egl-sources.jar;C:\Users\gebruiker-pc\git\GameEngine\lib\jars\lwjgl-egl.jar;C:\Users\gebruiker-pc\git\GameEngine\lib\jars\lwjgl-glfw-javadoc.jar;C:\Users\gebruiker-pc\git\GameEngine\lib\jars\lwjgl-glfw-natives-windows.jar;C:\Users\gebruiker-pc\git\GameEngine\lib\jars\lwjgl-glfw-sources.jar;C:\Users\gebruiker-pc\git\GameEngine\lib\jars\lwjgl-glfw.jar;C:\Users\gebruiker-pc\git\GameEngine\lib\jars\lwjgl-javadoc.jar;C:\Users\gebruiker-pc\git\GameEngine\lib\jars\lwjgl-natives-windows.jar;C:\Users\gebruiker-p
Launcher Type: SUN_STANDARD

Environment Variables:
PATH=C:/Program Files/Java/jdk1.8.0_111/jre/bin/server;C:/Program Files/Java/jdk1.8.0_111/jre/bin;C:/Program Files/Java/jdk1.8.0_111/jre/lib/amd64;C:\ProgramData\Oracle\Java\javapath;C:\Program Files (x86)\Razer Chroma SDK\bin;C:\Program Files\Razer Chroma SDK\bin;c:\Program Files (x86)\Intel\iCLS Client\;c:\Program Files\Intel\iCLS Client\;C:\windows\system32;C:\windows;C:\windows\System32\Wbem;C:\windows\System32\WindowsPowerShell\v1.0\;C:\Program Files\Intel\Intel(R) Management Engine Components\DAL;C:\Program Files\Intel\Intel(R) Management Engine Components\IPT;C:\Program Files (x86)\Intel\Intel(R) Management Engine Components\DAL;C:\Program Files (x86)\Intel\Intel(R) Management Engine Components\IPT;C:\Program Files\Hewlett-Packard\SimplePass\;C:\Program Files (x86)\NVIDIA Corporation\PhysX\Common;C:\Program Files (x86)\Common Files\Roxio Shared\DLLShared\;C:\Program Files (x86)\Common Files\Roxio Shared\Game1X\DLLShared\;C:\WINDOWS\system32;C:\WINDOWS;C:\WINDOWS\System32\Wbem;C:\WINDOWS\System32\WindowsPowerShell\v1.0\;C:\WINDOWS\system32\config\systemprofile\AppData\Local\Microsoft\WindowsApps;C:\Program Files (x86)\Skype\Phone\;C:\Program Files (x86)\GtkSharp\2.12\bin;C:\Program Files\Java\jdk1.8.0_111\bin;C:\Program Files\Java\jre1.8.0_111\bin;C:\Users\gebruiker-pc\AppData\Local\Android\sdk\platform-tools;C:\Users\gebruiker-pc\AppData\Local\Microsoft\WindowsApps;;C:\Users\gebruiker-pc\eclipse\jee-oxygen\eclipse;
USERNAME=gebruiker-pc
OS=Windows_NT
PROCESSOR_IDENTIFIER=Intel64 Family 6 Model 60 Stepping 3, GenuineIntel



---------------  S Y S T E M  ---------------

OS: Windows 10.0 , 64 bit Build 16299 (10.0.16299.15)

CPU:total 8 (4 cores per cpu, 2 threads per core) family 6 model 60 stepping 3, cmov, cx8, fxsr, mmx, sse, sse2, sse3, ssse3, sse4.1, sse4.2, popcnt, avx, avx2, aes, clmul, erms, lzcnt, ht, tsc, tscinvbit, bmi1, bmi2

Memory: 4k page, physical 12520512k(6661408k free), swap 16707748k(7241040k free)

vm_info: Java HotSpot(TM) 64-Bit Server VM (25.111-b14) for windows-amd64 JRE (1.8.0_111-b14), built on Sep 22 2016 19:24:05 by "java_re" with MS VC++ 10.0 (VS2010)

time: Mon Jan 15 00:15:17 2018
elapsed time: 3 seconds (0d 0h 0m 3s)

