#
# A fatal error has been detected by the Java Runtime Environment:
#
#  EXCEPTION_ACCESS_VIOLATION (0xc0000005) at pc=0x00007ff893f3f46d, pid=18272, tid=0x0000000000003f0c
#
# JRE version: Java(TM) SE Runtime Environment (8.0_111-b14) (build 1.8.0_111-b14)
# Java VM: Java HotSpot(TM) 64-Bit Server VM (25.111-b14 mixed mode windows-amd64 compressed oops)
# Problematic frame:
# C  [lwjgl_opengl.dll+0xf46d]
#
# Failed to write core dump. Minidumps are not enabled by default on client versions of Windows
#
# If you would like to submit a bug report, please visit:
#   http://bugreport.java.com/bugreport/crash.jsp
# The crash happened outside the Java Virtual Machine in native code.
# See problematic frame for where to report the bug.
#

---------------  T H R E A D  ---------------

Current thread (0x000000001f164000):  JavaThread "Thread-4" [_thread_in_native, id=16140, stack(0x0000000028a40000,0x0000000028b40000)]

siginfo: ExceptionCode=0xc0000005, reading address 0x0000000000000f58

Registers:
RAX=0x0000000072a7ed50, RBX=0x0000000029342f58, RCX=0x0000000000000001, RDX=0x000000001f5f97ec
RSP=0x0000000028b3ecb8, RBP=0x0000000028b3ed40, RSI=0x0000000000000188, RDI=0x0000000004b07e70
R8 =0x0000000000000001, R9 =0x000000001f5f97ec, R10=0x0000000000000000, R11=0x000000007250b580
R12=0x0000000000000000, R13=0x0000000029342f58, R14=0x0000000028b3ed70, R15=0x000000001f164000
RIP=0x00007ff893f3f46d, EFLAGS=0x0000000000010202

Top of Stack: (sp=0x0000000028b3ecb8)
0x0000000028b3ecb8:   0000000004b17f74 0000000004b07e70
0x0000000028b3ecc8:   0000000004b17cdd 000000001f164000
0x0000000028b3ecd8:   0000000029342f58 0000000000000188
0x0000000028b3ece8:   000000001f164000 0000000028b3ede8
0x0000000028b3ecf8:   0000000004b17ca2 0000000028b3ed00
0x0000000028b3ed08:   0000000029342f58 0000000028b3ed70
0x0000000028b3ed18:   0000000029380028 0000000000000000
0x0000000028b3ed28:   0000000029342f58 0000000000000000
0x0000000028b3ed38:   0000000028b3ed60 0000000028b3edb8
0x0000000028b3ed48:   0000000004b0835d 00000007807c7f68
0x0000000028b3ed58:   0000000004b119d8 000000001f5f97ec
0x0000000028b3ed68:   0000000780b194b8 0000000000000001
0x0000000028b3ed78:   0000000028b3ed78 00000000293430cc
0x0000000028b3ed88:   0000000028b3ede8 0000000029380028
0x0000000028b3ed98:   0000000000000000 0000000029343138
0x0000000028b3eda8:   0000000028b3ed60 0000000028b3edf0 

Instructions: (pc=0x00007ff893f3f46d)
0x00007ff893f3f44d:   00 41 8b c8 48 ff e0 cc cc cc cc cc cc cc cc cc
0x00007ff893f3f45d:   cc cc cc 48 8b 01 49 8b d1 41 8b c8 4c 8b 50 18
0x00007ff893f3f46d:   49 ff a2 58 0f 00 00 cc cc cc cc cc cc cc cc cc
0x00007ff893f3f47d:   cc cc cc 48 8b 01 49 8b d1 41 8b c8 4c 8b 50 18 


Register to memory mapping:

RAX=0x0000000072a7ed50 is an unknown value
RBX={method} {0x0000000029342f60} 'nglGenTextures' '(IJ)V' in 'org/lwjgl/opengl/GL11'
RCX=0x0000000000000001 is an unknown value
RDX=0x000000001f5f97ec is an unknown value
RSP=0x0000000028b3ecb8 is pointing into the stack for thread: 0x000000001f164000
RBP=0x0000000028b3ed40 is pointing into the stack for thread: 0x000000001f164000
RSI=0x0000000000000188 is an unknown value
RDI=0x0000000004b07e70 is at code_begin+1040 in an Interpreter codelet
invoke return entry points  [0x0000000004b07a60, 0x0000000004b08440]  2528 bytes
R8 =0x0000000000000001 is an unknown value
R9 =0x000000001f5f97ec is an unknown value
R10=0x0000000000000000 is an unknown value
R11=0x000000007250b580 is an unknown value
R12=0x0000000000000000 is an unknown value
R13={method} {0x0000000029342f60} 'nglGenTextures' '(IJ)V' in 'org/lwjgl/opengl/GL11'
R14=0x0000000028b3ed70 is pointing into the stack for thread: 0x000000001f164000
R15=0x000000001f164000 is a thread


Stack: [0x0000000028a40000,0x0000000028b40000],  sp=0x0000000028b3ecb8,  free space=1019k
Native frames: (J=compiled Java code, j=interpreted, Vv=VM code, C=native code)
C  [lwjgl_opengl.dll+0xf46d]

Java frames: (J=compiled Java code, j=interpreted, Vv=VM code)
j  org.lwjgl.opengl.GL11.nglGenTextures(IJ)V+0
j  org.lwjgl.opengl.GL11.glGenTextures()I+20
j  textures.TextureLoader.loadTextureToOpenGL(Ltextures/TextureData;Ltextures/TextureBuilder;)I+0
j  textures.TextureBuilder.create()Ltextures/Texture;+10
j  texts.FontType.<init>(Lutils/SourceFile;Lutils/SourceFile;)V+24
j  texts.Fonts.addFont(Ljava/lang/String;Lutils/SourceFile;Lutils/SourceFile;)V+10
j  texts.Fonts.getFont(Ljava/lang/String;)Ltexts/FontType;+41
j  texts.Text.buildMesh()V+18
j  texts.Text.<init>(Ljava/lang/String;FLjava/lang/String;Lorg/lwjgl/util/vector/Vector2f;FZ)V+58
j  main.Log.init()V+28
j  main.GameLoop$1.launcherLoad()V+0
j  launcher.Launcher$8.run()V+4
j  java.lang.Thread.run()V+11
v  ~StubRoutines::call_stub

---------------  P R O C E S S  ---------------

Java Threads: ( => current thread )
  0x000000001f165000 JavaThread "D3D Screen Updater" daemon [_thread_in_native, id=4564, stack(0x0000000028c40000,0x0000000028d40000)]
  0x0000000004a02800 JavaThread "DestroyJavaVM" [_thread_blocked, id=12860, stack(0x0000000004870000,0x0000000004970000)]
=>0x000000001f164000 JavaThread "Thread-4" [_thread_in_native, id=16140, stack(0x0000000028a40000,0x0000000028b40000)]
  0x000000001f161000 JavaThread "Thread-3" [_thread_blocked, id=788, stack(0x0000000028940000,0x0000000028a40000)]
  0x000000001f145800 JavaThread "AWT-EventQueue-0" [_thread_blocked, id=9260, stack(0x0000000028250000,0x0000000028350000)]
  0x000000001f07b800 JavaThread "AWT-Windows" daemon [_thread_in_native, id=12740, stack(0x000000001f950000,0x000000001fa50000)]
  0x000000001efd7000 JavaThread "AWT-Shutdown" [_thread_blocked, id=5748, stack(0x000000001f850000,0x000000001f950000)]
  0x000000001efd6000 JavaThread "Java2D Disposer" daemon [_thread_blocked, id=15180, stack(0x000000001f750000,0x000000001f850000)]
  0x000000001dfe6800 JavaThread "Service Thread" daemon [_thread_blocked, id=15720, stack(0x000000001eb30000,0x000000001ec30000)]
  0x000000001c04e800 JavaThread "C1 CompilerThread3" daemon [_thread_blocked, id=2076, stack(0x000000001ea30000,0x000000001eb30000)]
  0x000000001c04a800 JavaThread "C2 CompilerThread2" daemon [_thread_blocked, id=16876, stack(0x000000001e930000,0x000000001ea30000)]
  0x000000001df57800 JavaThread "C2 CompilerThread1" daemon [_thread_blocked, id=3680, stack(0x000000001e830000,0x000000001e930000)]
  0x000000001df53800 JavaThread "C2 CompilerThread0" daemon [_thread_blocked, id=7960, stack(0x000000001e730000,0x000000001e830000)]
  0x000000001df52000 JavaThread "Attach Listener" daemon [_thread_blocked, id=128, stack(0x000000001e630000,0x000000001e730000)]
  0x000000001df4f000 JavaThread "Signal Dispatcher" daemon [_thread_blocked, id=12844, stack(0x000000001e530000,0x000000001e630000)]
  0x000000001df40800 JavaThread "Finalizer" daemon [_thread_blocked, id=12120, stack(0x000000001e320000,0x000000001e420000)]
  0x000000001c03d800 JavaThread "Reference Handler" daemon [_thread_blocked, id=1276, stack(0x000000001de20000,0x000000001df20000)]

Other Threads:
  0x000000001c039800 VMThread [stack: 0x000000001dd20000,0x000000001de20000] [id=14344]
  0x000000001e011000 WatcherThread [stack: 0x000000001ed80000,0x000000001ee80000] [id=6100]

VM state:not at safepoint (normal execution)

VM Mutex/Monitor currently owned by a thread: None

Heap:
 PSYoungGen      total 57344K, used 13511K [0x0000000780500000, 0x0000000787500000, 0x00000007c0000000)
  eden space 49152K, 13% used [0x0000000780500000,0x0000000780b57e78,0x0000000783500000)
  from space 8192K, 85% used [0x0000000783500000,0x0000000783bda180,0x0000000783d00000)
  to   space 8192K, 0% used [0x0000000786d00000,0x0000000786d00000,0x0000000787500000)
 ParOldGen       total 131072K, used 59636K [0x0000000700e00000, 0x0000000708e00000, 0x0000000780500000)
  object space 131072K, 45% used [0x0000000700e00000,0x000000070483d200,0x0000000708e00000)
 Metaspace       used 12598K, capacity 12832K, committed 12928K, reserved 1060864K
  class space    used 1528K, capacity 1615K, committed 1664K, reserved 1048576K

Card table byte_map: [0x0000000013ec0000,0x00000000144c0000] byte_map_base: 0x00000000106b9000

Marking Bits: (ParMarkBitMap*) 0x0000000072afa6c0
 Begin Bits: [0x00000000150c0000, 0x0000000018088000)
 End Bits:   [0x0000000018088000, 0x000000001b050000)

Polling page: 0x0000000002fb0000

CodeCache: size=245760Kb used=2662Kb max_used=2677Kb free=243097Kb
 bounds [0x0000000004b00000, 0x0000000004db0000, 0x0000000013b00000]
 total_blobs=1199 nmethods=669 adapters=443
 compilation: enabled

Compilation events (10 events):
Event: 1.255 Thread 0x000000001df57800  657       4       java.util.concurrent.ConcurrentHashMap::casTabAt (20 bytes)
Event: 1.255 Thread 0x000000001df57800 nmethod 657 0x0000000004d8de90 code [0x0000000004d8dfc0, 0x0000000004d8e038]
Event: 1.258 Thread 0x000000001c04a800 nmethod 652 0x0000000004d9d4d0 code [0x0000000004d9d720, 0x0000000004d9f160]
Event: 1.258 Thread 0x000000001df53800 nmethod 656 0x0000000004d8d4d0 code [0x0000000004d8d640, 0x0000000004d8da88]
Event: 1.258 Thread 0x000000001df57800  665       4       java.util.HashMap::getNode (148 bytes)
Event: 1.259 Thread 0x000000001c04e800  666       3       java.io.File::exists (43 bytes)
Event: 1.259 Thread 0x000000001c04e800 nmethod 666 0x0000000004d9cd90 code [0x0000000004d9cf20, 0x0000000004d9d3a8]
Event: 1.260 Thread 0x000000001c04e800  669   !   3       java.util.WeakHashMap::expungeStaleEntries (139 bytes)
Event: 1.260 Thread 0x000000001c04e800 nmethod 669 0x0000000004d9ba90 code [0x0000000004d9bc60, 0x0000000004d9c788]
Event: 1.260 Thread 0x000000001c04e800  668       3       java.util.WeakHashMap::getTable (9 bytes)

GC Heap History (2 events):
Event: 1.148 GC heap before
{Heap before GC invocations=1 (full 0):
 PSYoungGen      total 57344K, used 46437K [0x0000000780500000, 0x0000000784500000, 0x00000007c0000000)
  eden space 49152K, 94% used [0x0000000780500000,0x0000000783259660,0x0000000783500000)
  from space 8192K, 0% used [0x0000000783d00000,0x0000000783d00000,0x0000000784500000)
  to   space 8192K, 0% used [0x0000000783500000,0x0000000783500000,0x0000000783d00000)
 ParOldGen       total 131072K, used 4968K [0x0000000700e00000, 0x0000000708e00000, 0x0000000780500000)
  object space 131072K, 3% used [0x0000000700e00000,0x00000007012da180,0x0000000708e00000)
 Metaspace       used 11486K, capacity 11646K, committed 11776K, reserved 1058816K
  class space    used 1429K, capacity 1512K, committed 1536K, reserved 1048576K
Event: 1.161 GC heap after
Heap after GC invocations=1 (full 0):
 PSYoungGen      total 57344K, used 7016K [0x0000000780500000, 0x0000000787500000, 0x00000007c0000000)
  eden space 49152K, 0% used [0x0000000780500000,0x0000000780500000,0x0000000783500000)
  from space 8192K, 85% used [0x0000000783500000,0x0000000783bda180,0x0000000783d00000)
  to   space 8192K, 0% used [0x0000000786d00000,0x0000000786d00000,0x0000000787500000)
 ParOldGen       total 131072K, used 59636K [0x0000000700e00000, 0x0000000708e00000, 0x0000000780500000)
  object space 131072K, 45% used [0x0000000700e00000,0x000000070483d200,0x0000000708e00000)
 Metaspace       used 11486K, capacity 11646K, committed 11776K, reserved 1058816K
  class space    used 1429K, capacity 1512K, committed 1536K, reserved 1048576K
}

Deoptimization events (0 events):
No events

Internal exceptions (10 events):
Event: 0.110 Thread 0x0000000004a02800 Exception <a 'java/security/PrivilegedActionException'> (0x00000007805f0760) thrown at [C:\re\workspace\8-2-build-windows-amd64-cygwin\jdk8u111\7883\hotspot\src\share\vm\prims\jvm.cpp, line 1386]
Event: 0.110 Thread 0x0000000004a02800 Exception <a 'java/security/PrivilegedActionException'> (0x00000007805f4648) thrown at [C:\re\workspace\8-2-build-windows-amd64-cygwin\jdk8u111\7883\hotspot\src\share\vm\prims\jvm.cpp, line 1386]
Event: 0.111 Thread 0x0000000004a02800 Exception <a 'java/security/PrivilegedActionException'> (0x00000007805f4858) thrown at [C:\re\workspace\8-2-build-windows-amd64-cygwin\jdk8u111\7883\hotspot\src\share\vm\prims\jvm.cpp, line 1386]
Event: 0.135 Thread 0x0000000004a02800 Exception <a 'java/io/FileNotFoundException'> (0x00000007807869a0) thrown at [C:\re\workspace\8-2-build-windows-amd64-cygwin\jdk8u111\7883\hotspot\src\share\vm\prims\jni.cpp, line 709]
Event: 0.166 Thread 0x0000000004a02800 Exception <a 'java/lang/NoSuchFieldError': method resolution failed> (0x00000007808548d8) thrown at [C:\re\workspace\8-2-build-windows-amd64-cygwin\jdk8u111\7883\hotspot\src\share\vm\prims\methodHandles.cpp, line 1146]
Event: 0.167 Thread 0x0000000004a02800 Exception <a 'java/lang/NoSuchFieldError': method resolution failed> (0x0000000780861ca8) thrown at [C:\re\workspace\8-2-build-windows-amd64-cygwin\jdk8u111\7883\hotspot\src\share\vm\prims\methodHandles.cpp, line 1146]
Event: 0.208 Thread 0x0000000004a02800 Exception <a 'java/io/FileNotFoundException'> (0x00000007808fdcb8) thrown at [C:\re\workspace\8-2-build-windows-amd64-cygwin\jdk8u111\7883\hotspot\src\share\vm\prims\jni.cpp, line 709]
Event: 1.197 Thread 0x000000001f164000 Exception <a 'java/lang/NoSuchMethodError': java.lang.Object.lambda$static$0(Ljava/lang/String;)Ljava/lang/Boolean;> (0x00000007809c2440) thrown at [C:\re\workspace\8-2-build-windows-amd64-cygwin\jdk8u111\7883\hotspot\src\share\vm\interpreter\linkResolver
Event: 1.226 Thread 0x000000001f164000 Exception <a 'sun/nio/fs/WindowsException'> (0x0000000780a58d80) thrown at [C:\re\workspace\8-2-build-windows-amd64-cygwin\jdk8u111\7883\hotspot\src\share\vm\prims\jni.cpp, line 709]
Event: 1.226 Thread 0x000000001f164000 Exception <a 'sun/nio/fs/WindowsException'> (0x0000000780a593d0) thrown at [C:\re\workspace\8-2-build-windows-amd64-cygwin\jdk8u111\7883\hotspot\src\share\vm\prims\jni.cpp, line 709]

Events (10 events):
Event: 1.244 loading class org/lwjgl/system/jni/JNINativeInterface
Event: 1.244 loading class org/lwjgl/system/jni/JNINativeInterface done
Event: 1.246 loading class org/lwjgl/system/windows/WinBase
Event: 1.246 loading class org/lwjgl/system/windows/WinBase done
Event: 1.258 loading class org/lwjgl/opengl/GL$1
Event: 1.258 loading class org/lwjgl/opengl/GL$1 done
Event: 1.259 loading class org/lwjgl/opengl/GL$SharedLibraryGL
Event: 1.259 loading class org/lwjgl/opengl/GL$SharedLibraryGL done
Event: 1.259 loading class org/lwjgl/system/SharedLibrary$Delegate
Event: 1.259 loading class org/lwjgl/system/SharedLibrary$Delegate done


Dynamic libraries:
0x00007ff702ef0000 - 0x00007ff702f27000 	C:\Program Files\Java\jdk1.8.0_111\bin\javaw.exe
0x00007ff8b67e0000 - 0x00007ff8b69c0000 	C:\WINDOWS\SYSTEM32\ntdll.dll
0x00007ff895650000 - 0x00007ff895684000 	C:\Program Files\AVAST Software\Avast\x64\aswhooka.dll
0x00007ff8b6440000 - 0x00007ff8b64ee000 	C:\WINDOWS\System32\KERNEL32.DLL
0x00007ff8b2dd0000 - 0x00007ff8b3036000 	C:\WINDOWS\System32\KERNELBASE.dll
0x00007ff8b6390000 - 0x00007ff8b6431000 	C:\WINDOWS\System32\ADVAPI32.dll
0x00007ff8b6710000 - 0x00007ff8b67ad000 	C:\WINDOWS\System32\msvcrt.dll
0x00007ff8b5c50000 - 0x00007ff8b5cab000 	C:\WINDOWS\System32\sechost.dll
0x00007ff8b5b30000 - 0x00007ff8b5c4f000 	C:\WINDOWS\System32\RPCRT4.dll
0x00007ff8b6580000 - 0x00007ff8b670f000 	C:\WINDOWS\System32\USER32.dll
0x00007ff8b3ac0000 - 0x00007ff8b3ae0000 	C:\WINDOWS\System32\win32u.dll
0x00007ff8b5b00000 - 0x00007ff8b5b28000 	C:\WINDOWS\System32\GDI32.dll
0x00007ff8b2c30000 - 0x00007ff8b2dc3000 	C:\WINDOWS\System32\gdi32full.dll
0x00007ff8b38f0000 - 0x00007ff8b398b000 	C:\WINDOWS\System32\msvcp_win.dll
0x00007ff8b37f0000 - 0x00007ff8b38e6000 	C:\WINDOWS\System32\ucrtbase.dll
0x00007ff8a6130000 - 0x00007ff8a6399000 	C:\WINDOWS\WinSxS\amd64_microsoft.windows.common-controls_6595b64144ccf1df_6.0.16299.125_none_15cbcf8893620c09\COMCTL32.dll
0x00007ff8b4200000 - 0x00007ff8b4508000 	C:\WINDOWS\System32\combase.dll
0x00007ff8b3a40000 - 0x00007ff8b3ab2000 	C:\WINDOWS\System32\bcryptPrimitives.dll
0x00007ff8b59f0000 - 0x00007ff8b5a1d000 	C:\WINDOWS\System32\IMM32.DLL
0x0000000072110000 - 0x00000000721e2000 	C:\Program Files\Java\jdk1.8.0_111\jre\bin\msvcr100.dll
0x00000000722e0000 - 0x0000000072b7a000 	C:\Program Files\Java\jdk1.8.0_111\jre\bin\server\jvm.dll
0x00007ff8b5a20000 - 0x00007ff8b5a28000 	C:\WINDOWS\System32\PSAPI.DLL
0x00007ff8ae810000 - 0x00007ff8ae819000 	C:\WINDOWS\SYSTEM32\WSOCK32.dll
0x00007ff8b5a90000 - 0x00007ff8b5afc000 	C:\WINDOWS\System32\WS2_32.dll
0x00007ff8af940000 - 0x00007ff8af963000 	C:\WINDOWS\SYSTEM32\WINMM.dll
0x00007ff8acef0000 - 0x00007ff8acefa000 	C:\WINDOWS\SYSTEM32\VERSION.dll
0x00007ff8af8e0000 - 0x00007ff8af90a000 	C:\WINDOWS\SYSTEM32\WINMMBASE.dll
0x00007ff8b2be0000 - 0x00007ff8b2c2a000 	C:\WINDOWS\System32\cfgmgr32.dll
0x00000000722d0000 - 0x00000000722df000 	C:\Program Files\Java\jdk1.8.0_111\jre\bin\verify.dll
0x00000000722a0000 - 0x00000000722c9000 	C:\Program Files\Java\jdk1.8.0_111\jre\bin\java.dll
0x0000000072280000 - 0x0000000072296000 	C:\Program Files\Java\jdk1.8.0_111\jre\bin\zip.dll
0x00007ff8b45b0000 - 0x00007ff8b59e6000 	C:\WINDOWS\System32\SHELL32.dll
0x00007ff8b4150000 - 0x00007ff8b41f6000 	C:\WINDOWS\System32\shcore.dll
0x00007ff8b30a0000 - 0x00007ff8b37e7000 	C:\WINDOWS\System32\windows.storage.dll
0x00007ff8b5a30000 - 0x00007ff8b5a81000 	C:\WINDOWS\System32\shlwapi.dll
0x00007ff8b2b30000 - 0x00007ff8b2b41000 	C:\WINDOWS\System32\kernel.appcore.dll
0x00007ff8b2b90000 - 0x00007ff8b2bdc000 	C:\WINDOWS\System32\powrprof.dll
0x00007ff8b2b70000 - 0x00007ff8b2b8b000 	C:\WINDOWS\System32\profapi.dll
0x0000000071f70000 - 0x0000000072108000 	C:\Program Files\Java\jdk1.8.0_111\jre\bin\awt.dll
0x00007ff8b3eb0000 - 0x00007ff8b3f75000 	C:\WINDOWS\System32\OLEAUT32.dll
0x00007ff8b0ff0000 - 0x00007ff8b1078000 	C:\WINDOWS\SYSTEM32\apphelp.dll
0x00007ff8b13c0000 - 0x00007ff8b13ea000 	C:\WINDOWS\system32\DWMAPI.DLL
0x00007ff8b10d0000 - 0x00007ff8b1165000 	C:\WINDOWS\system32\uxtheme.dll
0x00007ff8b6220000 - 0x00007ff8b6387000 	C:\WINDOWS\System32\MSCTF.dll
0x00007ff8b4000000 - 0x00007ff8b4149000 	C:\WINDOWS\System32\ole32.dll
0x00007ff892450000 - 0x00007ff8925e5000 	C:\WINDOWS\system32\d3d9.dll
0x00007ff8acf00000 - 0x00007ff8acfea000 	C:\WINDOWS\System32\DriverStore\FileRepository\nv_ref_pubwu.inf_amd64_2e7fa54192fe16d0\nvldumdx.dll
0x00007ff8b3ae0000 - 0x00007ff8b3cae000 	C:\WINDOWS\System32\crypt32.dll
0x00007ff8b2b50000 - 0x00007ff8b2b62000 	C:\WINDOWS\System32\MSASN1.dll
0x00007ff8b3040000 - 0x00007ff8b3098000 	C:\WINDOWS\System32\WINTRUST.DLL
0x00007ff8b6560000 - 0x00007ff8b657d000 	C:\WINDOWS\System32\imagehlp.dll
0x00007ff8b2580000 - 0x00007ff8b2597000 	C:\WINDOWS\SYSTEM32\CRYPTSP.dll
0x00007ff8b1fd0000 - 0x00007ff8b2003000 	C:\WINDOWS\system32\rsaenh.dll
0x00007ff8b2690000 - 0x00007ff8b26b5000 	C:\WINDOWS\SYSTEM32\bcrypt.dll
0x00007ff8b25a0000 - 0x00007ff8b25ab000 	C:\WINDOWS\SYSTEM32\CRYPTBASE.dll
0x00007ff86a330000 - 0x00007ff86b506000 	C:\WINDOWS\System32\DriverStore\FileRepository\nv_ref_pubwu.inf_amd64_2e7fa54192fe16d0\nvd3dumx.dll
0x00007ff8a7280000 - 0x00007ff8a74d4000 	C:\WINDOWS\system32\nvspcap64.dll
0x00007ff8b1c70000 - 0x00007ff8b1ca1000 	C:\WINDOWS\SYSTEM32\ntmarta.dll
0x00007ff8aa870000 - 0x00007ff8aa95b000 	C:\Program Files (x86)\NVIDIA Corporation\3D Vision\nvSCPAPI64.dll
0x00007ff8b5cc0000 - 0x00007ff8b610e000 	C:\WINDOWS\System32\SETUPAPI.dll
0x00007ff8b2a60000 - 0x00007ff8b2a89000 	C:\WINDOWS\SYSTEM32\USERENV.dll
0x0000000072260000 - 0x000000007227a000 	C:\Program Files\Java\jdk1.8.0_111\jre\bin\net.dll
0x00007ff8b23c0000 - 0x00007ff8b2426000 	C:\WINDOWS\system32\mswsock.dll
0x00007ff8b2150000 - 0x00007ff8b2189000 	C:\WINDOWS\SYSTEM32\IPHLPAPI.DLL
0x00007ff8b5cb0000 - 0x00007ff8b5cb8000 	C:\WINDOWS\System32\NSI.dll
0x00007ff8ad420000 - 0x00007ff8ad436000 	C:\WINDOWS\SYSTEM32\dhcpcsvc6.DLL
0x00007ff8ad400000 - 0x00007ff8ad41a000 	C:\WINDOWS\SYSTEM32\dhcpcsvc.DLL
0x0000000072240000 - 0x0000000072251000 	C:\Program Files\Java\jdk1.8.0_111\jre\bin\nio.dll
0x0000000071f20000 - 0x0000000071f67000 	C:\Program Files\Java\jdk1.8.0_111\jre\bin\fontmanager.dll
0x00007ff8b4510000 - 0x00007ff8b45ae000 	C:\WINDOWS\System32\clbcatq.dll
0x00007ff8af0c0000 - 0x00007ff8af26b000 	C:\WINDOWS\SYSTEM32\WindowsCodecs.dll
0x00007ff889060000 - 0x00007ff8890af000 	C:\WINDOWS\system32\dataexchange.dll
0x00007ff8b00a0000 - 0x00007ff8b0381000 	C:\WINDOWS\system32\d3d11.dll
0x00007ff8b0a30000 - 0x00007ff8b0b72000 	C:\WINDOWS\system32\dcomp.dll
0x00007ff8b19a0000 - 0x00007ff8b1a4f000 	C:\WINDOWS\system32\dxgi.dll
0x00007ff8b1560000 - 0x00007ff8b16db000 	C:\WINDOWS\system32\twinapi.appcore.dll
0x00007ff8b14d0000 - 0x00007ff8b14f0000 	C:\WINDOWS\system32\RMCLIENT.dll
0x00007ff8a8d80000 - 0x00007ff8a8e18000 	C:\WINDOWS\System32\TextInputFramework.dll
0x00007ff8ade30000 - 0x00007ff8ae11e000 	C:\WINDOWS\System32\CoreUIComponents.dll
0x00007ff8b0390000 - 0x00007ff8b046d000 	C:\WINDOWS\System32\CoreMessaging.dll
0x00007ff8af280000 - 0x00007ff8af3b6000 	C:\WINDOWS\SYSTEM32\wintypes.dll
0x00007ff893f90000 - 0x00007ff893fe9000 	C:\Users\gebruiker-pc\AppData\Local\Temp\lwjglgebruiker-pc\3.1.5-build-1\lwjgl.dll
0x00007ff893f30000 - 0x00007ff893f8f000 	C:\Users\gebruiker-pc\AppData\Local\Temp\lwjglgebruiker-pc\3.1.5-build-1\lwjgl_opengl.dll
0x00007ff88a930000 - 0x00007ff88aa4e000 	C:\WINDOWS\SYSTEM32\opengl32.dll
0x00007ff8a7ef0000 - 0x00007ff8a7f1c000 	C:\WINDOWS\SYSTEM32\GLU32.dll
0x00007ff8a5810000 - 0x00007ff8a59d8000 	C:\WINDOWS\SYSTEM32\dbghelp.dll

VM Arguments:
jvm_args: -Dfile.encoding=Cp1252 
java_command: main.GameLoop
java_class_path (initial): C:\Program Files\Java\jdk1.8.0_111\jre\lib\resources.jar;C:\Program Files\Java\jdk1.8.0_111\jre\lib\rt.jar;C:\Program Files\Java\jdk1.8.0_111\jre\lib\jsse.jar;C:\Program Files\Java\jdk1.8.0_111\jre\lib\jce.jar;C:\Program Files\Java\jdk1.8.0_111\jre\lib\charsets.jar;C:\Program Files\Java\jdk1.8.0_111\jre\lib\jfr.jar;C:\Program Files\Java\jdk1.8.0_111\jre\lib\ext\access-bridge-64.jar;C:\Program Files\Java\jdk1.8.0_111\jre\lib\ext\cldrdata.jar;C:\Program Files\Java\jdk1.8.0_111\jre\lib\ext\dnsns.jar;C:\Program Files\Java\jdk1.8.0_111\jre\lib\ext\jaccess.jar;C:\Program Files\Java\jdk1.8.0_111\jre\lib\ext\jfxrt.jar;C:\Program Files\Java\jdk1.8.0_111\jre\lib\ext\localedata.jar;C:\Program Files\Java\jdk1.8.0_111\jre\lib\ext\nashorn.jar;C:\Program Files\Java\jdk1.8.0_111\jre\lib\ext\sunec.jar;C:\Program Files\Java\jdk1.8.0_111\jre\lib\ext\sunjce_provider.jar;C:\Program Files\Java\jdk1.8.0_111\jre\lib\ext\sunmscapi.jar;C:\Program Files\Java\jdk1.8.0_111\jre\lib\ext\sunpkcs11.jar;C:\Program Files\Java\jdk1.8.0_111\jre\lib\ext\zipfs.jar;C:\Users\gebruiker-pc\git\GameEngine\bin;C:\Users\gebruiker-pc\git\GameEngine\lib\jars\joml-1.9.6-javadoc.jar;C:\Users\gebruiker-pc\git\GameEngine\lib\jars\joml-1.9.6-sources.jar;C:\Users\gebruiker-pc\git\GameEngine\lib\jars\joml-1.9.6.jar;C:\Users\gebruiker-pc\git\GameEngine\lib\jars\lwjgl_util.jar;C:\Users\gebruiker-pc\git\GameEngine\lib\jars\lwjgl-egl-javadoc.jar;C:\Users\gebruiker-pc\git\GameEngine\lib\jars\lwjgl-egl-sources.jar;C:\Users\gebruiker-pc\git\GameEngine\lib\jars\lwjgl-egl.jar;C:\Users\gebruiker-pc\git\GameEngine\lib\jars\lwjgl-glfw-javadoc.jar;C:\Users\gebruiker-pc\git\GameEngine\lib\jars\lwjgl-glfw-natives-windows.jar;C:\Users\gebruiker-pc\git\GameEngine\lib\jars\lwjgl-glfw-sources.jar;C:\Users\gebruiker-pc\git\GameEngine\lib\jars\lwjgl-glfw.jar;C:\Users\gebruiker-pc\git\GameEngine\lib\jars\lwjgl-javadoc.jar;C:\Users\gebruiker-pc\git\GameEngine\lib\jars\lwjgl-natives-windows.jar;C:\Users\gebruiker-p
Launcher Type: SUN_STANDARD

Environment Variables:
PATH=C:/Program Files/Java/jdk1.8.0_111/jre/bin/server;C:/Program Files/Java/jdk1.8.0_111/jre/bin;C:/Program Files/Java/jdk1.8.0_111/jre/lib/amd64;C:\ProgramData\Oracle\Java\javapath;C:\Program Files (x86)\Razer Chroma SDK\bin;C:\Program Files\Razer Chroma SDK\bin;c:\Program Files (x86)\Intel\iCLS Client\;c:\Program Files\Intel\iCLS Client\;C:\windows\system32;C:\windows;C:\windows\System32\Wbem;C:\windows\System32\WindowsPowerShell\v1.0\;C:\Program Files\Intel\Intel(R) Management Engine Components\DAL;C:\Program Files\Intel\Intel(R) Management Engine Components\IPT;C:\Program Files (x86)\Intel\Intel(R) Management Engine Components\DAL;C:\Program Files (x86)\Intel\Intel(R) Management Engine Components\IPT;C:\Program Files\Hewlett-Packard\SimplePass\;C:\Program Files (x86)\NVIDIA Corporation\PhysX\Common;C:\Program Files (x86)\Common Files\Roxio Shared\DLLShared\;C:\Program Files (x86)\Common Files\Roxio Shared\Game1X\DLLShared\;C:\WINDOWS\system32;C:\WINDOWS;C:\WINDOWS\System32\Wbem;C:\WINDOWS\System32\WindowsPowerShell\v1.0\;C:\WINDOWS\system32\config\systemprofile\AppData\Local\Microsoft\WindowsApps;C:\Program Files (x86)\Skype\Phone\;C:\Program Files (x86)\GtkSharp\2.12\bin;C:\Program Files\Java\jdk1.8.0_111\bin;C:\Program Files\Java\jre1.8.0_111\bin;C:\Users\gebruiker-pc\AppData\Local\Android\sdk\platform-tools;C:\Users\gebruiker-pc\AppData\Local\Microsoft\WindowsApps;;C:\Users\gebruiker-pc\eclipse\jee-oxygen\eclipse;
USERNAME=gebruiker-pc
OS=Windows_NT
PROCESSOR_IDENTIFIER=Intel64 Family 6 Model 60 Stepping 3, GenuineIntel



---------------  S Y S T E M  ---------------

OS: Windows 10.0 , 64 bit Build 16299 (10.0.16299.15)

CPU:total 8 (4 cores per cpu, 2 threads per core) family 6 model 60 stepping 3, cmov, cx8, fxsr, mmx, sse, sse2, sse3, ssse3, sse4.1, sse4.2, popcnt, avx, avx2, aes, clmul, erms, lzcnt, ht, tsc, tscinvbit, bmi1, bmi2

Memory: 4k page, physical 12520512k(6018240k free), swap 16608296k(5452796k free)

vm_info: Java HotSpot(TM) 64-Bit Server VM (25.111-b14) for windows-amd64 JRE (1.8.0_111-b14), built on Sep 22 2016 19:24:05 by "java_re" with MS VC++ 10.0 (VS2010)

time: Thu Jan 11 01:33:43 2018
elapsed time: 1 seconds (0d 0h 0m 1s)

