#
# There is insufficient memory for the Java Runtime Environment to continue.
# Native memory allocation (malloc) failed to allocate 1048576 bytes for AllocateHeap
# Possible reasons:
#   The system is out of physical RAM or swap space
#   In 32 bit mode, the process size limit was hit
# Possible solutions:
#   Reduce memory load on the system
#   Increase physical memory or swap space
#   Check if swap backing store is full
#   Use 64 bit Java on a 64 bit OS
#   Decrease Java heap size (-Xmx/-Xms)
#   Decrease number of Java threads
#   Decrease Java thread stack sizes (-Xss)
#   Set larger code cache with -XX:ReservedCodeCacheSize=
# This output file may be truncated or incomplete.
#
#  Out of Memory Error (memory/allocation.inline.hpp:61), pid=8004, tid=0x0000000000003270
#
# JRE version:  (8.0_111-b14) (build )
# Java VM: Java HotSpot(TM) 64-Bit Server VM (25.111-b14 mixed mode windows-amd64 compressed oops)
# Failed to write core dump. Minidumps are not enabled by default on client versions of Windows
#

---------------  T H R E A D  ---------------

Current thread (0x0000000004da2800):  JavaThread "Unknown thread" [_thread_in_vm, id=12912, stack(0x0000000004ca0000,0x0000000004da0000)]

Stack: [0x0000000004ca0000,0x0000000004da0000]
[error occurred during error reporting (printing stack bounds), id 0xc0000005]

Native frames: (J=compiled Java code, j=interpreted, Vv=VM code, C=native code)


---------------  P R O C E S S  ---------------

Java Threads: ( => current thread )

Other Threads:

=>0x0000000004da2800 (exited) JavaThread "Unknown thread" [_thread_in_vm, id=12912, stack(0x0000000004ca0000,0x0000000004da0000)]

VM state:not at safepoint (normal execution)

VM Mutex/Monitor currently owned by a thread: None

Heap:
 PSYoungGen      total 57344K, used 983K [0x0000000780500000, 0x0000000784500000, 0x00000007c0000000)
  eden space 49152K, 2% used [0x0000000780500000,0x00000007805f5c38,0x0000000783500000)
  from space 8192K, 0% used [0x0000000783d00000,0x0000000783d00000,0x0000000784500000)
  to   space 8192K, 0% used [0x0000000783500000,0x0000000783500000,0x0000000783d00000)
 ParOldGen       total 131072K, used 0K [0x0000000700e00000, 0x0000000708e00000, 0x0000000780500000)
  object space 131072K, 0% used [0x0000000700e00000,0x0000000700e00000,0x0000000708e00000)
 Metaspace       used 770K, capacity 4480K, committed 4480K, reserved 1056768K
  class space    used 75K, capacity 384K, committed 384K, reserved 1048576K

Card table byte_map: [0x0000000014260000,0x0000000014860000] byte_map_base: 0x0000000010a59000

Marking Bits: (ParMarkBitMap*) 0x000000005f1aa6c0
 Begin Bits: [0x0000000015460000, 0x0000000018428000)
 End Bits:   [0x0000000018428000, 0x000000001b3f0000)

Polling page: 0x00000000030e0000

CodeCache: size=245760Kb used=328Kb max_used=328Kb free=245431Kb
 bounds [0x0000000004ea0000, 0x0000000005110000, 0x0000000013ea0000]
 total_blobs=58 nmethods=0 adapters=38
 compilation: enabled

Compilation events (0 events):
No events

GC Heap History (0 events):
No events

Deoptimization events (0 events):
No events

Internal exceptions (0 events):
No events

Events (10 events):
Event: 0.019 loading class java/lang/Short
Event: 0.019 loading class java/lang/Short done
Event: 0.019 loading class java/lang/Integer
Event: 0.019 loading class java/lang/Integer done
Event: 0.019 loading class java/lang/Long
Event: 0.019 loading class java/lang/Long done
Event: 0.019 loading class java/lang/NullPointerException
Event: 0.019 loading class java/lang/NullPointerException done
Event: 0.019 loading class java/lang/ArithmeticException
Event: 0.019 loading class java/lang/ArithmeticException done


Dynamic libraries:
0x00007ff7229a0000 - 0x00007ff7229d7000 	C:\Program Files\Java\jdk1.8.0_111\bin\javaw.exe
0x00007ffba2af0000 - 0x00007ffba2cd0000 	C:\WINDOWS\SYSTEM32\ntdll.dll
0x00007ffb83d20000 - 0x00007ffb83d54000 	C:\Program Files\AVAST Software\Avast\x64\aswhooka.dll
0x00007ffba2a10000 - 0x00007ffba2abe000 	C:\WINDOWS\System32\KERNEL32.DLL
0x00007ffb9fc50000 - 0x00007ffb9feb6000 	C:\WINDOWS\System32\KERNELBASE.dll
0x00007ffba1470000 - 0x00007ffba1511000 	C:\WINDOWS\System32\ADVAPI32.dll
0x00007ffba27c0000 - 0x00007ffba285d000 	C:\WINDOWS\System32\msvcrt.dll
0x00007ffba2860000 - 0x00007ffba28bb000 	C:\WINDOWS\System32\sechost.dll
0x00007ffba1830000 - 0x00007ffba194f000 	C:\WINDOWS\System32\RPCRT4.dll
0x00007ffba2180000 - 0x00007ffba230f000 	C:\WINDOWS\System32\USER32.dll
0x00007ffb9f940000 - 0x00007ffb9f960000 	C:\WINDOWS\System32\win32u.dll
0x00007ffba2310000 - 0x00007ffba2338000 	C:\WINDOWS\System32\GDI32.dll
0x00007ffb9fa60000 - 0x00007ffb9fbf3000 	C:\WINDOWS\System32\gdi32full.dll
0x00007ffb9fec0000 - 0x00007ffb9ff5b000 	C:\WINDOWS\System32\msvcp_win.dll
0x00007ffb9f960000 - 0x00007ffb9fa56000 	C:\WINDOWS\System32\ucrtbase.dll
0x00007ffb99e00000 - 0x00007ffb9a069000 	C:\WINDOWS\WinSxS\amd64_microsoft.windows.common-controls_6595b64144ccf1df_6.0.16299.125_none_15cbcf8893620c09\COMCTL32.dll
0x00007ffba1520000 - 0x00007ffba1828000 	C:\WINDOWS\System32\combase.dll
0x00007ffb9f640000 - 0x00007ffb9f6b2000 	C:\WINDOWS\System32\bcryptPrimitives.dll
0x00007ffba20c0000 - 0x00007ffba20ed000 	C:\WINDOWS\System32\IMM32.DLL
0x000000005e5c0000 - 0x000000005e692000 	C:\Program Files\Java\jdk1.8.0_111\jre\bin\msvcr100.dll
0x000000005e990000 - 0x000000005f22a000 	C:\Program Files\Java\jdk1.8.0_111\jre\bin\server\jvm.dll
0x00007ffba2170000 - 0x00007ffba2178000 	C:\WINDOWS\System32\PSAPI.DLL
0x00007ffb7e270000 - 0x00007ffb7e279000 	C:\WINDOWS\SYSTEM32\WSOCK32.dll
0x00007ffba2100000 - 0x00007ffba216c000 	C:\WINDOWS\System32\WS2_32.dll
0x00007ffb9b3b0000 - 0x00007ffb9b3d3000 	C:\WINDOWS\SYSTEM32\WINMM.dll
0x00007ffb99a30000 - 0x00007ffb99a3a000 	C:\WINDOWS\SYSTEM32\VERSION.dll
0x00007ffb9b380000 - 0x00007ffb9b3aa000 	C:\WINDOWS\SYSTEM32\WINMMBASE.dll
0x00007ffb9fc00000 - 0x00007ffb9fc4a000 	C:\WINDOWS\System32\cfgmgr32.dll
0x000000005e980000 - 0x000000005e98f000 	C:\Program Files\Java\jdk1.8.0_111\jre\bin\verify.dll
0x000000005e950000 - 0x000000005e979000 	C:\Program Files\Java\jdk1.8.0_111\jre\bin\java.dll
0x000000005e930000 - 0x000000005e946000 	C:\Program Files\Java\jdk1.8.0_111\jre\bin\zip.dll

VM Arguments:
jvm_args: -Dfile.encoding=Cp1252 
java_command: main.GameLoop
java_class_path (initial): C:\Program Files\Java\jdk1.8.0_111\jre\lib\resources.jar;C:\Program Files\Java\jdk1.8.0_111\jre\lib\rt.jar;C:\Program Files\Java\jdk1.8.0_111\jre\lib\jsse.jar;C:\Program Files\Java\jdk1.8.0_111\jre\lib\jce.jar;C:\Program Files\Java\jdk1.8.0_111\jre\lib\charsets.jar;C:\Program Files\Java\jdk1.8.0_111\jre\lib\jfr.jar;C:\Program Files\Java\jdk1.8.0_111\jre\lib\ext\access-bridge-64.jar;C:\Program Files\Java\jdk1.8.0_111\jre\lib\ext\cldrdata.jar;C:\Program Files\Java\jdk1.8.0_111\jre\lib\ext\dnsns.jar;C:\Program Files\Java\jdk1.8.0_111\jre\lib\ext\jaccess.jar;C:\Program Files\Java\jdk1.8.0_111\jre\lib\ext\jfxrt.jar;C:\Program Files\Java\jdk1.8.0_111\jre\lib\ext\localedata.jar;C:\Program Files\Java\jdk1.8.0_111\jre\lib\ext\nashorn.jar;C:\Program Files\Java\jdk1.8.0_111\jre\lib\ext\sunec.jar;C:\Program Files\Java\jdk1.8.0_111\jre\lib\ext\sunjce_provider.jar;C:\Program Files\Java\jdk1.8.0_111\jre\lib\ext\sunmscapi.jar;C:\Program Files\Java\jdk1.8.0_111\jre\lib\ext\sunpkcs11.jar;C:\Program Files\Java\jdk1.8.0_111\jre\lib\ext\zipfs.jar;C:\Users\gebruiker-pc\git\GameEngine\bin;C:\Users\gebruiker-pc\git\GameEngine\lib\jars\lwjgl-egl-javadoc.jar;C:\Users\gebruiker-pc\git\GameEngine\lib\jars\lwjgl-egl-sources.jar;C:\Users\gebruiker-pc\git\GameEngine\lib\jars\lwjgl-egl.jar;C:\Users\gebruiker-pc\git\GameEngine\lib\jars\lwjgl-glfw-javadoc.jar;C:\Users\gebruiker-pc\git\GameEngine\lib\jars\lwjgl-glfw-natives-windows.jar;C:\Users\gebruiker-pc\git\GameEngine\lib\jars\lwjgl-glfw-sources.jar;C:\Users\gebruiker-pc\git\GameEngine\lib\jars\lwjgl-glfw.jar;C:\Users\gebruiker-pc\git\GameEngine\lib\jars\lwjgl-javadoc.jar;C:\Users\gebruiker-pc\git\GameEngine\lib\jars\lwjgl-natives-windows.jar;C:\Users\gebruiker-pc\git\GameEngine\lib\jars\lwjgl-odbc-javadoc.jar;C:\Users\gebruiker-pc\git\GameEngine\lib\jars\lwjgl-odbc-sources.jar;C:\Users\gebruiker-pc\git\GameEngine\lib\jars\lwjgl-odbc.jar;C:\Users\gebruiker-pc\git\GameEngine\lib\jars\lwjgl-openal-javadoc.jar;C:\Users\g
Launcher Type: SUN_STANDARD

Environment Variables:
PATH=C:/Program Files/Java/jdk1.8.0_111/jre/bin/server;C:/Program Files/Java/jdk1.8.0_111/jre/bin;C:/Program Files/Java/jdk1.8.0_111/jre/lib/amd64;C:\ProgramData\Oracle\Java\javapath;C:\Program Files (x86)\Razer Chroma SDK\bin;C:\Program Files\Razer Chroma SDK\bin;c:\Program Files (x86)\Intel\iCLS Client\;c:\Program Files\Intel\iCLS Client\;C:\windows\system32;C:\windows;C:\windows\System32\Wbem;C:\windows\System32\WindowsPowerShell\v1.0\;C:\Program Files\Intel\Intel(R) Management Engine Components\DAL;C:\Program Files\Intel\Intel(R) Management Engine Components\IPT;C:\Program Files (x86)\Intel\Intel(R) Management Engine Components\DAL;C:\Program Files (x86)\Intel\Intel(R) Management Engine Components\IPT;C:\Program Files\Hewlett-Packard\SimplePass\;C:\Program Files (x86)\NVIDIA Corporation\PhysX\Common;C:\Program Files (x86)\Common Files\Roxio Shared\DLLShared\;C:\Program Files (x86)\Common Files\Roxio Shared\Game1X\DLLShared\;C:\WINDOWS\system32;C:\WINDOWS;C:\WINDOWS\System32\Wbem;C:\WINDOWS\System32\WindowsPowerShell\v1.0\;C:\WINDOWS\system32\config\systemprofile\AppData\Local\Microsoft\WindowsApps;C:\Program Files (x86)\Skype\Phone\;C:\Program Files (x86)\GtkSharp\2.12\bin;C:\Program Files\Java\jdk1.8.0_111\bin;C:\Program Files\Java\jre1.8.0_111\bin;C:\Users\gebruiker-pc\AppData\Local\Android\sdk\platform-tools;C:\Users\gebruiker-pc\AppData\Local\Microsoft\WindowsApps;;C:\Users\gebruiker-pc\eclipse\jee-oxygen\eclipse;
USERNAME=gebruiker-pc
OS=Windows_NT
PROCESSOR_IDENTIFIER=Intel64 Family 6 Model 60 Stepping 3, GenuineIntel



---------------  S Y S T E M  ---------------

OS: Windows 10.0 , 64 bit Build 16299 (10.0.16299.15)

CPU:total 8 (4 cores per cpu, 2 threads per core) family 6 model 60 stepping 3, cmov, cx8, fxsr, mmx, sse, sse2, sse3, ssse3, sse4.1, sse4.2, popcnt, avx, avx2, aes, clmul, erms, lzcnt, ht, tsc, tscinvbit, bmi1, bmi2

Memory: 4k page, physical 12520512k(3823184k free), swap 16714816k(5432k free)

vm_info: Java HotSpot(TM) 64-Bit Server VM (25.111-b14) for windows-amd64 JRE (1.8.0_111-b14), built on Sep 22 2016 19:24:05 by "java_re" with MS VC++ 10.0 (VS2010)

time: Thu Jan 04 17:33:51 2018
elapsed time: 0 seconds (0d 0h 0m 0s)

