#
# A fatal error has been detected by the Java Runtime Environment:
#
#  EXCEPTION_ACCESS_VIOLATION (0xc0000005) at pc=0x00007ffa3333844d, pid=12084, tid=0x0000000000002684
#
# JRE version: Java(TM) SE Runtime Environment (8.0_171-b11) (build 1.8.0_171-b11)
# Java VM: Java HotSpot(TM) 64-Bit Server VM (25.171-b11 mixed mode windows-amd64 compressed oops)
# Problematic frame:
# C  [lwjgl_opengl.dll+0x844d]
#
# Failed to write core dump. Minidumps are not enabled by default on client versions of Windows
#
# If you would like to submit a bug report, please visit:
#   http://bugreport.java.com/bugreport/crash.jsp
# The crash happened outside the Java Virtual Machine in native code.
# See problematic frame for where to report the bug.
#

---------------  T H R E A D  ---------------

Current thread (0x000000001b373800):  JavaThread "Thread-9" [_thread_in_native, id=9860, stack(0x0000000039b20000,0x0000000039c20000)]

siginfo: ExceptionCode=0xc0000005, reading address 0x0000000000000a30

Registers:
RAX=0x00000000552c4d50, RBX=0x0000000039c1f280, RCX=0x0000000000000001, RDX=0x000000002c9b3b5c
RSP=0x0000000039c1f258, RBP=0x0000000039c1f2c0, RSI=0x00000000d997d050, RDI=0x00000000d997d088
R8 =0x0000000000000001, R9 =0x000000002c9b3b5c, R10=0x0000000000000000, R11=0x00000000d997d050
R12=0x0000000000000000, R13=0x000000000313c20c, R14=0x0000000039c1f2b0, R15=0x000000001b373800
RIP=0x00007ffa3333844d, EFLAGS=0x0000000000010246

Top of Stack: (sp=0x0000000039c1f258)
0x0000000039c1f258:   00000000034811ca 00000000856f8370
0x0000000039c1f268:   0000000084fd0550 00000000d997cf50
0x0000000039c1f278:   0000000081e01a58 0000000039c1f2c0
0x0000000039c1f288:   0000000039c1f2b0 00000000176d0f18
0x0000000039c1f298:   0000000081e01a58 000000002c9b3b5c
0x0000000039c1f2a8:   0000000000000001 0000000081e03640
0x0000000039c1f2b8:   0000000000000206 0000000039c1f490
0x0000000039c1f2c8:   000000000348f234 0000000000000000
0x0000000039c1f2d8:   0000000000000000 0000000039c1f470
0x0000000039c1f2e8:   0000000000000000 00000000827eaea8
0x0000000039c1f2f8:   00000000034bd74c 0000000000000002
0x0000000039c1f308:   00000000827eaec0 0000000019f4c1b0
0x0000000039c1f318:   00000000827ead60 00000000827eaf78
0x0000000039c1f328:   0000000003493dfc 0000000000000001
0x0000000039c1f338:   00000000827eae80 000000001b373800
0x0000000039c1f348:   0000000039c1f228 0000000039c1f3c8 

Instructions: (pc=0x00007ffa3333844d)
0x00007ffa3333842d:   e8 01 00 00 cc cc cc cc cc cc cc cc cc cc cc cc
0x00007ffa3333843d:   cc cc cc 48 8b 01 49 8b d1 41 8b c8 4c 8b 50 18
0x00007ffa3333844d:   49 ff a2 30 0a 00 00 cc cc cc cc cc cc cc cc cc
0x00007ffa3333845d:   cc cc cc 48 8b 01 49 8b d1 41 8b c8 4c 8b 50 18 


Register to memory mapping:

RAX=0x00000000552c4d50 is an unknown value
RBX=0x0000000039c1f280 is pointing into the stack for thread: 0x000000001b373800
RCX=0x0000000000000001 is an unknown value
RDX=0x000000002c9b3b5c is an unknown value
RSP=0x0000000039c1f258 is pointing into the stack for thread: 0x000000001b373800
RBP=0x0000000039c1f2c0 is pointing into the stack for thread: 0x000000001b373800
RSI=0x00000000d997d050 is an oop
java.nio.DirectIntBufferU 
 - klass: 'java/nio/DirectIntBufferU'
RDI=0x00000000d997d088 is an oop

[error occurred during error reporting (printing register info), id 0xc0000005]

Stack: [0x0000000039b20000,0x0000000039c20000],  sp=0x0000000039c1f258,  free space=1020k
Native frames: (J=compiled Java code, j=interpreted, Vv=VM code, C=native code)
C  [lwjgl_opengl.dll+0x844d]

Java frames: (J=compiled Java code, j=interpreted, Vv=VM code)
J 1221  org.lwjgl.opengl.GL30.nglDeleteVertexArrays(IJ)V (0 bytes) @ 0x0000000003481144 [0x0000000003481100+0x44]
J 1220 C1 org.lwjgl.opengl.GL30.glDeleteVertexArrays(I)V (42 bytes) @ 0x000000000348f234 [0x000000000348e820+0xa14]
J 1493 C1 objects.Vao.delete()V (76 bytes) @ 0x0000000003561ad4 [0x0000000003561a40+0x94]
j  texts.Text.buildMesh()V+11
J 1335 C2 log.Log.update()V (81 bytes) @ 0x0000000003505810 [0x0000000003505660+0x1b0]
j  log.Log.append(Z)V+55
j  launcher.Launcher$8.run()V+47
j  java.lang.Thread.run()V+11
v  ~StubRoutines::call_stub

---------------  P R O C E S S  ---------------

Java Threads: ( => current thread )
  0x000000001b42a000 JavaThread "Keep-Alive-Timer" daemon [_thread_blocked, id=6304, stack(0x000000003c0a0000,0x000000003c1a0000)]
  0x0000000019ea8000 JavaThread "Direct Clip" daemon [_thread_blocked, id=15808, stack(0x000000003a720000,0x000000003a820000)]
  0x0000000019ea7000 JavaThread "Direct Clip" daemon [_thread_blocked, id=15312, stack(0x000000003a620000,0x000000003a720000)]
  0x0000000019ea6000 JavaThread "Direct Clip" daemon [_thread_blocked, id=9252, stack(0x000000003a520000,0x000000003a620000)]
  0x0000000019ea5800 JavaThread "Direct Clip" daemon [_thread_blocked, id=15892, stack(0x000000003a420000,0x000000003a520000)]
  0x0000000019ea4800 JavaThread "Direct Clip" daemon [_thread_blocked, id=3572, stack(0x000000003a320000,0x000000003a420000)]
  0x0000000019ea4000 JavaThread "Java Sound Event Dispatcher" daemon [_thread_blocked, id=12764, stack(0x000000003a020000,0x000000003a120000)]
  0x000000002d0be000 JavaThread "Thread-11" [_thread_blocked, id=6380, stack(0x0000000039f20000,0x000000003a020000)]
  0x000000001a0b8000 JavaThread "DestroyJavaVM" [_thread_blocked, id=12148, stack(0x0000000002d80000,0x0000000002e80000)]
=>0x000000001b373800 JavaThread "Thread-9" [_thread_in_native, id=9860, stack(0x0000000039b20000,0x0000000039c20000)]
  0x000000001a0b5800 JavaThread "Thread-8" [_thread_blocked, id=13340, stack(0x0000000039a20000,0x0000000039b20000)]
  0x000000001a0b2800 JavaThread "AWT-EventQueue-0" [_thread_blocked, id=17660, stack(0x0000000039820000,0x0000000039920000)]
  0x000000001a0f2000 JavaThread "AWT-Windows" daemon [_thread_in_native, id=17952, stack(0x0000000039720000,0x0000000039820000)]
  0x000000001a0f1000 JavaThread "AWT-Shutdown" [_thread_blocked, id=17320, stack(0x0000000039620000,0x0000000039720000)]
  0x000000001b437000 JavaThread "Java2D Disposer" daemon [_thread_blocked, id=5588, stack(0x0000000032ed0000,0x0000000032fd0000)]
  0x0000000019f31000 JavaThread "Service Thread" daemon [_thread_blocked, id=16036, stack(0x000000001aa70000,0x000000001ab70000)]
  0x0000000019ea8800 JavaThread "C1 CompilerThread3" daemon [_thread_blocked, id=7588, stack(0x000000001a970000,0x000000001aa70000)]
  0x0000000019e98000 JavaThread "C2 CompilerThread2" daemon [_thread_blocked, id=17344, stack(0x000000001a870000,0x000000001a970000)]
  0x0000000019e92000 JavaThread "C2 CompilerThread1" daemon [_thread_blocked, id=6824, stack(0x000000001a770000,0x000000001a870000)]
  0x0000000019e8f800 JavaThread "C2 CompilerThread0" daemon [_thread_blocked, id=7140, stack(0x000000001a670000,0x000000001a770000)]
  0x0000000019e8a800 JavaThread "Attach Listener" daemon [_thread_blocked, id=9556, stack(0x000000001a570000,0x000000001a670000)]
  0x0000000019e89000 JavaThread "Signal Dispatcher" daemon [_thread_blocked, id=6040, stack(0x000000001a470000,0x000000001a570000)]
  0x0000000019e80800 JavaThread "Finalizer" daemon [_thread_blocked, id=15820, stack(0x000000001a260000,0x000000001a360000)]
  0x0000000017f8d000 JavaThread "Reference Handler" daemon [_thread_blocked, id=10016, stack(0x0000000019d60000,0x0000000019e60000)]

Other Threads:
  0x0000000017f88800 VMThread [stack: 0x0000000019c60000,0x0000000019d60000] [id=15192]
  0x0000000019f4a800 WatcherThread [stack: 0x000000001ab70000,0x000000001ac70000] [id=7812]

VM state:not at safepoint (normal execution)

VM Mutex/Monitor currently owned by a thread: None

Heap:
 PSYoungGen      total 103936K, used 60053K [0x00000000d5f80000, 0x00000000e0400000, 0x0000000100000000)
  eden space 92160K, 65% used [0x00000000d5f80000,0x00000000d9a255f8,0x00000000db980000)
  from space 11776K, 0% used [0x00000000db980000,0x00000000db980000,0x00000000dc500000)
  to   space 36352K, 0% used [0x00000000de080000,0x00000000de080000,0x00000000e0400000)
 ParOldGen       total 193536K, used 61399K [0x0000000081e00000, 0x000000008db00000, 0x00000000d5f80000)
  object space 193536K, 31% used [0x0000000081e00000,0x00000000859f5ed0,0x000000008db00000)
 Metaspace       used 20658K, capacity 21051K, committed 21376K, reserved 1069056K
  class space    used 2219K, capacity 2324K, committed 2432K, reserved 1048576K

Card table byte_map: [0x00000000123e0000,0x00000000127e0000] byte_map_base: 0x0000000011fd1000

Marking Bits: (ParMarkBitMap*) 0x00000000553408c0
 Begin Bits: [0x0000000013290000, 0x0000000015218000)
 End Bits:   [0x0000000015218000, 0x00000000171a0000)

Polling page: 0x0000000001420000

CodeCache: size=245760Kb used=6524Kb max_used=6671Kb free=239235Kb
 bounds [0x0000000003020000, 0x00000000036b0000, 0x0000000012020000]
 total_blobs=3133 nmethods=2052 adapters=993
 compilation: enabled

Compilation events (10 events):
Event: 6.862 Thread 0x0000000019ea8800 2272       1       java.awt.image.Raster::getSampleModel (5 bytes)
Event: 6.862 Thread 0x0000000019ea8800 nmethod 2272 0x000000000321b2d0 code [0x000000000321b420, 0x000000000321b530]
Event: 6.913 Thread 0x0000000019ea8800 2273       3       javax.swing.JComponent::setFlag (34 bytes)
Event: 6.913 Thread 0x0000000019ea8800 nmethod 2273 0x000000000321af10 code [0x000000000321b060, 0x000000000321b250]
Event: 7.014 Thread 0x0000000019ea8800 2274       3       sun.java2d.SunGraphics2D::dispose (12 bytes)
Event: 7.014 Thread 0x0000000019ea8800 nmethod 2274 0x000000000321aad0 code [0x000000000321ac40, 0x000000000321ae68]
Event: 7.014 Thread 0x0000000019ea8800 2275       3       java.awt.geom.AffineTransform::<init> (69 bytes)
Event: 7.014 Thread 0x0000000019ea8800 nmethod 2275 0x000000000321a690 code [0x000000000321a800, 0x000000000321aa10]
Event: 7.027 Thread 0x0000000019e98000 2276       4       sun.misc.Unsafe::setMemory (10 bytes)
Event: 7.028 Thread 0x0000000019e98000 nmethod 2276 0x0000000003216250 code [0x00000000032163a0, 0x0000000003216428]

GC Heap History (10 events):
Event: 2.583 GC heap before
{Heap before GC invocations=16 (full 2):
 PSYoungGen      total 92160K, used 83765K [0x00000000d5f80000, 0x00000000dcb80000, 0x0000000100000000)
  eden space 79872K, 100% used [0x00000000d5f80000,0x00000000dad80000,0x00000000dad80000)
  from space 12288K, 31% used [0x00000000dad80000,0x00000000db14d7a0,0x00000000db980000)
  to   space 11776K, 0% used [0x00000000dc000000,0x00000000dc000000,0x00000000dcb80000)
 ParOldGen       total 166912K, used 67807K [0x0000000081e00000, 0x000000008c100000, 0x00000000d5f80000)
  object space 166912K, 40% used [0x0000000081e00000,0x0000000086037f70,0x000000008c100000)
 Metaspace       used 12217K, capacity 12405K, committed 12544K, reserved 1060864K
  class space    used 1153K, capacity 1229K, committed 1280K, reserved 1048576K
Event: 2.586 GC heap after
Heap after GC invocations=16 (full 2):
 PSYoungGen      total 96768K, used 4565K [0x00000000d5f80000, 0x00000000dca00000, 0x0000000100000000)
  eden space 86528K, 0% used [0x00000000d5f80000,0x00000000d5f80000,0x00000000db400000)
  from space 10240K, 44% used [0x00000000dc000000,0x00000000dc4757a0,0x00000000dca00000)
  to   space 11264K, 0% used [0x00000000db400000,0x00000000db400000,0x00000000dbf00000)
 ParOldGen       total 166912K, used 67807K [0x0000000081e00000, 0x000000008c100000, 0x00000000d5f80000)
  object space 166912K, 40% used [0x0000000081e00000,0x0000000086037f70,0x000000008c100000)
 Metaspace       used 12217K, capacity 12405K, committed 12544K, reserved 1060864K
  class space    used 1153K, capacity 1229K, committed 1280K, reserved 1048576K
}
Event: 2.710 GC heap before
{Heap before GC invocations=17 (full 2):
 PSYoungGen      total 96768K, used 91093K [0x00000000d5f80000, 0x00000000dca00000, 0x0000000100000000)
  eden space 86528K, 100% used [0x00000000d5f80000,0x00000000db400000,0x00000000db400000)
  from space 10240K, 44% used [0x00000000dc000000,0x00000000dc4757a0,0x00000000dca00000)
  to   space 11264K, 0% used [0x00000000db400000,0x00000000db400000,0x00000000dbf00000)
 ParOldGen       total 166912K, used 67807K [0x0000000081e00000, 0x000000008c100000, 0x00000000d5f80000)
  object space 166912K, 40% used [0x0000000081e00000,0x0000000086037f70,0x000000008c100000)
 Metaspace       used 12218K, capacity 12405K, committed 12544K, reserved 1060864K
  class space    used 1153K, capacity 1229K, committed 1280K, reserved 1048576K
Event: 2.714 GC heap after
Heap after GC invocations=17 (full 2):
 PSYoungGen      total 97792K, used 5472K [0x00000000d5f80000, 0x00000000dd180000, 0x0000000100000000)
  eden space 86528K, 0% used [0x00000000d5f80000,0x00000000d5f80000,0x00000000db400000)
  from space 11264K, 48% used [0x00000000db400000,0x00000000db958368,0x00000000dbf00000)
  to   space 11776K, 0% used [0x00000000dc600000,0x00000000dc600000,0x00000000dd180000)
 ParOldGen       total 166912K, used 67815K [0x0000000081e00000, 0x000000008c100000, 0x00000000d5f80000)
  object space 166912K, 40% used [0x0000000081e00000,0x0000000086039f70,0x000000008c100000)
 Metaspace       used 12218K, capacity 12405K, committed 12544K, reserved 1060864K
  class space    used 1153K, capacity 1229K, committed 1280K, reserved 1048576K
}
Event: 2.968 GC heap before
{Heap before GC invocations=18 (full 2):
 PSYoungGen      total 97792K, used 92000K [0x00000000d5f80000, 0x00000000dd180000, 0x0000000100000000)
  eden space 86528K, 100% used [0x00000000d5f80000,0x00000000db400000,0x00000000db400000)
  from space 11264K, 48% used [0x00000000db400000,0x00000000db958368,0x00000000dbf00000)
  to   space 11776K, 0% used [0x00000000dc600000,0x00000000dc600000,0x00000000dd180000)
 ParOldGen       total 166912K, used 67815K [0x0000000081e00000, 0x000000008c100000, 0x00000000d5f80000)
  object space 166912K, 40% used [0x0000000081e00000,0x0000000086039f70,0x000000008c100000)
 Metaspace       used 12368K, capacity 12565K, committed 12800K, reserved 1060864K
  class space    used 1183K, capacity 1261K, committed 1280K, reserved 1048576K
Event: 2.972 GC heap after
Heap after GC invocations=18 (full 2):
 PSYoungGen      total 102912K, used 6400K [0x00000000d5f80000, 0x00000000dd080000, 0x0000000100000000)
  eden space 92160K, 0% used [0x00000000d5f80000,0x00000000d5f80000,0x00000000db980000)
  from space 10752K, 59% used [0x00000000dc600000,0x00000000dcc40368,0x00000000dd080000)
  to   space 11776K, 0% used [0x00000000db980000,0x00000000db980000,0x00000000dc500000)
 ParOldGen       total 166912K, used 67815K [0x0000000081e00000, 0x000000008c100000, 0x00000000d5f80000)
  object space 166912K, 40% used [0x0000000081e00000,0x0000000086039f70,0x000000008c100000)
 Metaspace       used 12368K, capacity 12565K, committed 12800K, reserved 1060864K
  class space    used 1183K, capacity 1261K, committed 1280K, reserved 1048576K
}
Event: 5.384 GC heap before
{Heap before GC invocations=19 (full 2):
 PSYoungGen      total 102912K, used 93129K [0x00000000d5f80000, 0x00000000dd080000, 0x0000000100000000)
  eden space 92160K, 94% used [0x00000000d5f80000,0x00000000db432160,0x00000000db980000)
  from space 10752K, 59% used [0x00000000dc600000,0x00000000dcc40368,0x00000000dd080000)
  to   space 11776K, 0% used [0x00000000db980000,0x00000000db980000,0x00000000dc500000)
 ParOldGen       total 166912K, used 67815K [0x0000000081e00000, 0x000000008c100000, 0x00000000d5f80000)
  object space 166912K, 40% used [0x0000000081e00000,0x0000000086039f70,0x000000008c100000)
 Metaspace       used 17066K, capacity 17339K, committed 17664K, reserved 1064960K
  class space    used 1836K, capacity 1953K, committed 2048K, reserved 1048576K
Event: 5.401 GC heap after
Heap after GC invocations=19 (full 2):
 PSYoungGen      total 103936K, used 11773K [0x00000000d5f80000, 0x00000000e0400000, 0x0000000100000000)
  eden space 92160K, 0% used [0x00000000d5f80000,0x00000000d5f80000,0x00000000db980000)
  from space 11776K, 99% used [0x00000000db980000,0x00000000dc4ff5c8,0x00000000dc500000)
  to   space 36352K, 0% used [0x00000000de080000,0x00000000de080000,0x00000000e0400000)
 ParOldGen       total 166912K, used 128230K [0x0000000081e00000, 0x000000008c100000, 0x00000000d5f80000)
  object space 166912K, 76% used [0x0000000081e00000,0x0000000089b39890,0x000000008c100000)
 Metaspace       used 17066K, capacity 17339K, committed 17664K, reserved 1064960K
  class space    used 1836K, capacity 1953K, committed 2048K, reserved 1048576K
}
Event: 5.401 GC heap before
{Heap before GC invocations=20 (full 3):
 PSYoungGen      total 103936K, used 11773K [0x00000000d5f80000, 0x00000000e0400000, 0x0000000100000000)
  eden space 92160K, 0% used [0x00000000d5f80000,0x00000000d5f80000,0x00000000db980000)
  from space 11776K, 99% used [0x00000000db980000,0x00000000dc4ff5c8,0x00000000dc500000)
  to   space 36352K, 0% used [0x00000000de080000,0x00000000de080000,0x00000000e0400000)
 ParOldGen       total 166912K, used 128230K [0x0000000081e00000, 0x000000008c100000, 0x00000000d5f80000)
  object space 166912K, 76% used [0x0000000081e00000,0x0000000089b39890,0x000000008c100000)
 Metaspace       used 17066K, capacity 17339K, committed 17664K, reserved 1064960K
  class space    used 1836K, capacity 1953K, committed 2048K, reserved 1048576K
Event: 5.444 GC heap after
Heap after GC invocations=20 (full 3):
 PSYoungGen      total 103936K, used 0K [0x00000000d5f80000, 0x00000000e0400000, 0x0000000100000000)
  eden space 92160K, 0% used [0x00000000d5f80000,0x00000000d5f80000,0x00000000db980000)
  from space 11776K, 0% used [0x00000000db980000,0x00000000db980000,0x00000000dc500000)
  to   space 36352K, 0% used [0x00000000de080000,0x00000000de080000,0x00000000e0400000)
 ParOldGen       total 193536K, used 61399K [0x0000000081e00000, 0x000000008db00000, 0x00000000d5f80000)
  object space 193536K, 31% used [0x0000000081e00000,0x00000000859f5ed0,0x000000008db00000)
 Metaspace       used 17066K, capacity 17339K, committed 17664K, reserved 1064960K
  class space    used 1836K, capacity 1953K, committed 2048K, reserved 1048576K
}

Deoptimization events (10 events):
Event: 5.902 Thread 0x000000001b373800 Uncommon trap: reason=class_check action=maybe_recompile pc=0x000000000350968c method=java.io.BufferedOutputStream.flushBuffer()V @ 20
Event: 5.902 Thread 0x000000001b373800 Uncommon trap: reason=class_check action=maybe_recompile pc=0x00000000035095d0 method=java.io.BufferedOutputStream.flush()V @ 8
Event: 5.902 Thread 0x000000001b373800 Uncommon trap: reason=class_check action=maybe_recompile pc=0x00000000035095d0 method=java.io.BufferedOutputStream.flush()V @ 8
Event: 6.112 Thread 0x000000001b373800 Uncommon trap: reason=class_check action=maybe_recompile pc=0x000000000350968c method=java.io.BufferedOutputStream.flushBuffer()V @ 20
Event: 6.112 Thread 0x000000001b373800 Uncommon trap: reason=class_check action=maybe_recompile pc=0x00000000035095d0 method=java.io.BufferedOutputStream.flush()V @ 8
Event: 6.112 Thread 0x000000001b373800 Uncommon trap: reason=class_check action=maybe_recompile pc=0x00000000035095d0 method=java.io.BufferedOutputStream.flush()V @ 8
Event: 6.482 Thread 0x000000001b373800 Uncommon trap: reason=predicate action=maybe_recompile pc=0x00000000034232d0 method=java.util.regex.Pattern$SliceI.match(Ljava/util/regex/Matcher;ILjava/lang/CharSequence;)Z @ 21
Event: 6.492 Thread 0x000000001b373800 Uncommon trap: reason=unstable_if action=reinterpret pc=0x00000000035e5db0 method=java.lang.String.indexOf([CII[CIII)I @ 27
Event: 6.492 Thread 0x000000001b373800 Uncommon trap: reason=unstable_if action=reinterpret pc=0x0000000003617790 method=java.lang.String.substring(I)Ljava/lang/String; @ 35
Event: 7.036 Thread 0x000000001b373800 Uncommon trap: reason=unstable_if action=reinterpret pc=0x0000000003479c8c method=java.util.regex.Matcher.reset()Ljava/util/regex/Matcher; @ 47

Classes redefined (0 events):
No events

Internal exceptions (10 events):
Event: 0.197 Thread 0x0000000002f23800 Exception <a 'java/lang/NoSuchFieldError': method resolution failed> (0x00000000d6342d40) thrown at [C:\re\workspace\8-2-build-windows-amd64-cygwin\jdk8u171\10807\hotspot\src\share\vm\prims\methodHandles.cpp, line 1167]
Event: 0.198 Thread 0x0000000002f23800 Exception <a 'java/lang/NoSuchFieldError': method resolution failed> (0x00000000d6350140) thrown at [C:\re\workspace\8-2-build-windows-amd64-cygwin\jdk8u171\10807\hotspot\src\share\vm\prims\methodHandles.cpp, line 1167]
Event: 0.619 Thread 0x0000000002f23800 Exception <a 'sun/nio/fs/WindowsException'> (0x00000000d66f6350) thrown at [C:\re\workspace\8-2-build-windows-amd64-cygwin\jdk8u171\10807\hotspot\src\share\vm\prims\jni.cpp, line 709]
Event: 0.619 Thread 0x0000000002f23800 Exception <a 'sun/nio/fs/WindowsException'> (0x00000000d66f6b40) thrown at [C:\re\workspace\8-2-build-windows-amd64-cygwin\jdk8u171\10807\hotspot\src\share\vm\prims\jni.cpp, line 709]
Event: 1.590 Thread 0x0000000002f23800 Exception <a 'java/io/FileNotFoundException'> (0x00000000d6b998d8) thrown at [C:\re\workspace\8-2-build-windows-amd64-cygwin\jdk8u171\10807\hotspot\src\share\vm\prims\jni.cpp, line 709]
Event: 4.910 Thread 0x0000000002f23800 Exception <a 'java/io/FileNotFoundException'> (0x00000000d70f51c0) thrown at [C:\re\workspace\8-2-build-windows-amd64-cygwin\jdk8u171\10807\hotspot\src\share\vm\prims\jni.cpp, line 709]
Event: 4.945 Thread 0x0000000002f23800 Implicit null exception at 0x00000000032cdf56 to 0x00000000032ce2f1
Event: 4.947 Thread 0x0000000002f23800 Implicit null exception at 0x00000000032b23d6 to 0x00000000032b276d
Event: 4.951 Thread 0x0000000002f23800 Implicit null exception at 0x00000000032ce8d5 to 0x00000000032ceae1
Event: 5.196 Thread 0x000000001b373800 Implicit null exception at 0x0000000003495a28 to 0x0000000003495ad1

Events (10 events):
Event: 7.028 Executing VM operation: Deoptimize done
Event: 7.028 loading class sun/net/www/http/KeepAliveEntry
Event: 7.028 loading class sun/net/www/http/KeepAliveEntry done
Event: 7.036 Thread 0x000000001b373800 Uncommon trap: trap_request=0xffffff65 fr.pc=0x0000000003479c8c
Event: 7.036 Thread 0x000000001b373800 DEOPT PACKING pc=0x0000000003479c8c sp=0x0000000039c1f2a0
Event: 7.036 Thread 0x000000001b373800 DEOPT UNPACKING pc=0x000000000306583b sp=0x0000000039c1f250 mode 2
Event: 7.036 loading class java/io/DeleteOnExitHook
Event: 7.036 loading class java/io/DeleteOnExitHook done
Event: 7.036 loading class java/io/DeleteOnExitHook$1
Event: 7.036 loading class java/io/DeleteOnExitHook$1 done


Dynamic libraries:
0x00007ff7a8950000 - 0x00007ff7a8987000 	C:\Program Files\Java\jre1.8.0_171\bin\javaw.exe
0x00007ffa5d330000 - 0x00007ffa5d511000 	C:\WINDOWS\SYSTEM32\ntdll.dll
0x00007ffa5ab50000 - 0x00007ffa5ac02000 	C:\WINDOWS\System32\KERNEL32.DLL
0x00007ffa59e10000 - 0x00007ffa5a083000 	C:\WINDOWS\System32\KERNELBASE.dll
0x00007ffa5c420000 - 0x00007ffa5c4c1000 	C:\WINDOWS\System32\ADVAPI32.dll
0x00007ffa5aab0000 - 0x00007ffa5ab4e000 	C:\WINDOWS\System32\msvcrt.dll
0x00007ffa5d200000 - 0x00007ffa5d25b000 	C:\WINDOWS\System32\sechost.dll
0x00007ffa5c160000 - 0x00007ffa5c284000 	C:\WINDOWS\System32\RPCRT4.dll
0x00007ffa5c720000 - 0x00007ffa5c8b0000 	C:\WINDOWS\System32\USER32.dll
0x00007ffa5a650000 - 0x00007ffa5a670000 	C:\WINDOWS\System32\win32u.dll
0x00007ffa5d260000 - 0x00007ffa5d288000 	C:\WINDOWS\System32\GDI32.dll
0x00007ffa5a4b0000 - 0x00007ffa5a642000 	C:\WINDOWS\System32\gdi32full.dll
0x00007ffa5a3b0000 - 0x00007ffa5a44f000 	C:\WINDOWS\System32\msvcp_win.dll
0x00007ffa5a6c0000 - 0x00007ffa5a7ba000 	C:\WINDOWS\System32\ucrtbase.dll
0x00007ffa4dc00000 - 0x00007ffa4de69000 	C:\WINDOWS\WinSxS\amd64_microsoft.windows.common-controls_6595b64144ccf1df_6.0.17134.228_none_fb4599993062b194\COMCTL32.dll
0x00007ffa5c8b0000 - 0x00007ffa5cbd3000 	C:\WINDOWS\System32\combase.dll
0x00007ffa5a330000 - 0x00007ffa5a3aa000 	C:\WINDOWS\System32\bcryptPrimitives.dll
0x00007ffa5c290000 - 0x00007ffa5c2bd000 	C:\WINDOWS\System32\IMM32.DLL
0x0000000054960000 - 0x0000000054a32000 	C:\Program Files\Java\jre1.8.0_171\bin\msvcr100.dll
0x0000000054b20000 - 0x00000000553c0000 	C:\Program Files\Java\jre1.8.0_171\bin\server\jvm.dll
0x00007ffa5aa30000 - 0x00007ffa5aa38000 	C:\WINDOWS\System32\PSAPI.DLL
0x00007ffa4ec90000 - 0x00007ffa4ecb3000 	C:\WINDOWS\SYSTEM32\WINMM.dll
0x00007ffa4e530000 - 0x00007ffa4e53a000 	C:\WINDOWS\SYSTEM32\VERSION.dll
0x00007ffa55370000 - 0x00007ffa55379000 	C:\WINDOWS\SYSTEM32\WSOCK32.dll
0x00007ffa5d290000 - 0x00007ffa5d2fc000 	C:\WINDOWS\System32\WS2_32.dll
0x00007ffa4ea80000 - 0x00007ffa4eaaa000 	C:\WINDOWS\SYSTEM32\winmmbase.dll
0x00007ffa5a670000 - 0x00007ffa5a6b9000 	C:\WINDOWS\System32\cfgmgr32.dll
0x0000000055d70000 - 0x0000000055d7f000 	C:\Program Files\Java\jre1.8.0_171\bin\verify.dll
0x0000000054af0000 - 0x0000000054b19000 	C:\Program Files\Java\jre1.8.0_171\bin\java.dll
0x0000000054ad0000 - 0x0000000054ae6000 	C:\Program Files\Java\jre1.8.0_171\bin\zip.dll
0x00007ffa5ad20000 - 0x00007ffa5c160000 	C:\WINDOWS\System32\SHELL32.dll
0x00007ffa5ac70000 - 0x00007ffa5ad19000 	C:\WINDOWS\System32\shcore.dll
0x00007ffa59700000 - 0x00007ffa59e0d000 	C:\WINDOWS\System32\windows.storage.dll
0x00007ffa5aa50000 - 0x00007ffa5aaa1000 	C:\WINDOWS\System32\shlwapi.dll
0x00007ffa59670000 - 0x00007ffa59681000 	C:\WINDOWS\System32\kernel.appcore.dll
0x00007ffa59650000 - 0x00007ffa5966f000 	C:\WINDOWS\System32\profapi.dll
0x00007ffa59690000 - 0x00007ffa596dc000 	C:\WINDOWS\System32\powrprof.dll
0x00007ffa59640000 - 0x00007ffa5964a000 	C:\WINDOWS\System32\FLTLIB.DLL
0x0000000054ab0000 - 0x0000000054aca000 	C:\Program Files\Java\jre1.8.0_171\bin\net.dll
0x00007ffa58ec0000 - 0x00007ffa58f26000 	C:\WINDOWS\system32\mswsock.dll
0x0000000054a90000 - 0x0000000054aa1000 	C:\Program Files\Java\jre1.8.0_171\bin\nio.dll
0x00007ffa3d1c0000 - 0x00007ffa3d219000 	C:\Users\Casper\AppData\Local\Temp\lwjglCasper\3.1.5-build-1\lwjgl.dll
0x00007ffa369a0000 - 0x00007ffa369ee000 	C:\Users\Casper\AppData\Local\Temp\lwjglCasper\3.1.5-build-1\glfw.dll
0x00007ffa57ad0000 - 0x00007ffa57b68000 	C:\WINDOWS\system32\uxtheme.dll
0x00007ffa59450000 - 0x00007ffa59477000 	C:\WINDOWS\SYSTEM32\DEVOBJ.dll
0x00007ffa526b0000 - 0x00007ffa52729000 	C:\WINDOWS\SYSTEM32\inputhost.dll
0x00007ffa55250000 - 0x00007ffa5532a000 	C:\WINDOWS\SYSTEM32\CoreMessaging.dll
0x00007ffa56b90000 - 0x00007ffa56cdd000 	C:\WINDOWS\SYSTEM32\wintypes.dll
0x00007ffa48160000 - 0x00007ffa4847e000 	C:\WINDOWS\SYSTEM32\CoreUIComponents.dll
0x00007ffa58730000 - 0x00007ffa58761000 	C:\WINDOWS\SYSTEM32\ntmarta.dll
0x00007ffa57db0000 - 0x00007ffa57dd9000 	C:\WINDOWS\SYSTEM32\dwmapi.dll
0x00007ffa5a7c0000 - 0x00007ffa5a935000 	C:\WINDOWS\System32\MSCTF.dll
0x00007ffa5a940000 - 0x00007ffa5aa02000 	C:\WINDOWS\System32\OLEAUT32.dll
0x00007ffa5cd50000 - 0x00007ffa5d19b000 	C:\WINDOWS\System32\SETUPAPI.DLL
0x00007ffa5a450000 - 0x00007ffa5a4a7000 	C:\WINDOWS\System32\WINTRUST.dll
0x00007ffa596e0000 - 0x00007ffa596f2000 	C:\WINDOWS\System32\MSASN1.dll
0x00007ffa5a140000 - 0x00007ffa5a322000 	C:\WINDOWS\System32\CRYPT32.dll
0x00007ffa454d0000 - 0x00007ffa455f0000 	C:\WINDOWS\SYSTEM32\opengl32.dll
0x00007ffa52940000 - 0x00007ffa5296c000 	C:\WINDOWS\SYSTEM32\GLU32.dll
0x0000000052520000 - 0x00000000547e5000 	C:\WINDOWS\SYSTEM32\nvoglv64.DLL
0x00007ffa5c2c0000 - 0x00007ffa5c411000 	C:\WINDOWS\System32\ole32.dll
0x00007ffa56a00000 - 0x00007ffa56a13000 	C:\WINDOWS\SYSTEM32\WTSAPI32.dll
0x00007ffa28ee0000 - 0x00007ffa290bc000 	C:\WINDOWS\system32\nvspcap64.dll
0x00007ffa51aa0000 - 0x00007ffa51b7c000 	C:\WINDOWS\SYSTEM32\WINHTTP.dll
0x00007ffa587d0000 - 0x00007ffa58826000 	C:\WINDOWS\SYSTEM32\WINSTA.dll
0x00007ffa58400000 - 0x00007ffa584bb000 	C:\WINDOWS\system32\dxgi.dll
0x00007ffa565e0000 - 0x00007ffa568eb000 	C:\WINDOWS\system32\d3d11.dll
0x00007ffa19e30000 - 0x00007ffa19f1a000 	C:\WINDOWS\System32\DriverStore\FileRepository\nvac.inf_amd64_2336dccd934ab81a\nvldumdx.dll
0x00007ffa5aa10000 - 0x00007ffa5aa2d000 	C:\WINDOWS\System32\imagehlp.dll
0x00007ffa59070000 - 0x00007ffa59087000 	C:\WINDOWS\SYSTEM32\CRYPTSP.dll
0x00007ffa58aa0000 - 0x00007ffa58ad3000 	C:\WINDOWS\system32\rsaenh.dll
0x00007ffa591a0000 - 0x00007ffa591c5000 	C:\WINDOWS\SYSTEM32\bcrypt.dll
0x00007ffa59090000 - 0x00007ffa5909b000 	C:\WINDOWS\SYSTEM32\CRYPTBASE.dll
0x00007ffa04d30000 - 0x00007ffa06814000 	C:\WINDOWS\System32\DriverStore\FileRepository\nvac.inf_amd64_2336dccd934ab81a\nvwgf2umx.dll
0x00007ffa510d0000 - 0x00007ffa5154f000 	C:\WINDOWS\system32\nvapi64.dll
0x00007ffa54a50000 - 0x00007ffa54bec000 	C:\WINDOWS\SYSTEM32\dcomp.dll
0x00007ffa524b0000 - 0x00007ffa52547000 	C:\WINDOWS\System32\TextInputFramework.dll
0x00007ffa33330000 - 0x00007ffa3338f000 	C:\Users\Casper\AppData\Local\Temp\lwjglCasper\3.1.5-build-1\lwjgl_opengl.dll
0x00007ffa59540000 - 0x00007ffa59568000 	C:\WINDOWS\SYSTEM32\USERENV.dll
0x00007ffa58c40000 - 0x00007ffa58c78000 	C:\WINDOWS\SYSTEM32\IPHLPAPI.DLL
0x00007ffa5aa40000 - 0x00007ffa5aa48000 	C:\WINDOWS\System32\NSI.dll
0x00007ffa53490000 - 0x00007ffa534a6000 	C:\WINDOWS\SYSTEM32\dhcpcsvc6.DLL
0x00007ffa53990000 - 0x00007ffa539aa000 	C:\WINDOWS\SYSTEM32\dhcpcsvc.DLL
0x0000000052380000 - 0x0000000052518000 	C:\Program Files\Java\jre1.8.0_171\bin\awt.dll
0x00007ffa55b60000 - 0x00007ffa55beb000 	C:\WINDOWS\SYSTEM32\apphelp.dll
0x00000000522d0000 - 0x0000000052372000 	C:\Program Files\Java\jre1.8.0_171\bin\mlib_image.dll
0x0000000054910000 - 0x0000000054957000 	C:\Program Files\Java\jre1.8.0_171\bin\fontmanager.dll
0x00007ffa5c4d0000 - 0x00007ffa5c570000 	C:\WINDOWS\System32\clbcatq.dll
0x00007ffa578a0000 - 0x00007ffa57a4e000 	C:\WINDOWS\SYSTEM32\WindowsCodecs.dll
0x00007ffa48a40000 - 0x00007ffa48a98000 	C:\WINDOWS\system32\dataexchange.dll
0x00007ffa57e40000 - 0x00007ffa57ff8000 	C:\WINDOWS\system32\twinapi.appcore.dll
0x00007ffa57de0000 - 0x00007ffa57e01000 	C:\WINDOWS\system32\RMCLIENT.dll
0x00000000522a0000 - 0x00000000522ca000 	C:\Program Files\Java\jre1.8.0_171\bin\dcpr.dll
0x0000000054900000 - 0x000000005490c000 	C:\Program Files\Java\jre1.8.0_171\bin\jsound.dll
0x0000000052290000 - 0x000000005229b000 	C:\Program Files\Java\jre1.8.0_171\bin\jsoundds.dll
0x00007ffa2ed80000 - 0x00007ffa2ee0f000 	C:\WINDOWS\SYSTEM32\DSOUND.dll
0x00007ffa52180000 - 0x00007ffa521f6000 	C:\WINDOWS\SYSTEM32\MMDevAPI.DLL
0x00007ffa57350000 - 0x00007ffa57504000 	C:\WINDOWS\SYSTEM32\PROPSYS.dll
0x00007ffa527c0000 - 0x00007ffa52804000 	C:\WINDOWS\SYSTEM32\wdmaud.drv
0x00007ffa54a40000 - 0x00007ffa54a49000 	C:\WINDOWS\SYSTEM32\ksuser.dll
0x00007ffa56a20000 - 0x00007ffa56a2a000 	C:\WINDOWS\SYSTEM32\AVRT.dll
0x00007ffa4ecf0000 - 0x00007ffa4ee1c000 	C:\WINDOWS\SYSTEM32\AUDIOSES.DLL
0x00007ffa55450000 - 0x00007ffa5545d000 	C:\WINDOWS\SYSTEM32\msacm32.drv
0x00007ffa54e00000 - 0x00007ffa54e1c000 	C:\WINDOWS\SYSTEM32\MSACM32.dll
0x00007ffa54df0000 - 0x00007ffa54dfa000 	C:\WINDOWS\SYSTEM32\midimap.dll
0x0000000054a60000 - 0x0000000054a84000 	C:\Program Files\Java\jre1.8.0_171\bin\sunec.dll
0x0000000054a50000 - 0x0000000054a5b000 	C:\Program Files\Java\jre1.8.0_171\bin\sunmscapi.dll
0x00007ffa58c80000 - 0x00007ffa58d3e000 	C:\WINDOWS\SYSTEM32\DNSAPI.dll
0x00007ffa51f00000 - 0x00007ffa51f0a000 	C:\Windows\System32\rasadhlp.dll
0x00007ffa4fdf0000 - 0x00007ffa4fe62000 	C:\WINDOWS\System32\fwpuclnt.dll
0x00007ffa50b10000 - 0x00007ffa50c24000 	C:\Windows\System32\Windows.UI.dll
0x00007ffa531f0000 - 0x00007ffa533b9000 	C:\WINDOWS\SYSTEM32\dbghelp.dll

VM Arguments:
jvm_args: -Dfile.encoding=Cp1252 
java_command: main.GameLoop
java_class_path (initial): C:\Program Files\Java\jre1.8.0_171\lib\resources.jar;C:\Program Files\Java\jre1.8.0_171\lib\rt.jar;C:\Program Files\Java\jre1.8.0_171\lib\jsse.jar;C:\Program Files\Java\jre1.8.0_171\lib\jce.jar;C:\Program Files\Java\jre1.8.0_171\lib\charsets.jar;C:\Program Files\Java\jre1.8.0_171\lib\jfr.jar;C:\Program Files\Java\jre1.8.0_171\lib\ext\access-bridge-64.jar;C:\Program Files\Java\jre1.8.0_171\lib\ext\cldrdata.jar;C:\Program Files\Java\jre1.8.0_171\lib\ext\dnsns.jar;C:\Program Files\Java\jre1.8.0_171\lib\ext\jaccess.jar;C:\Program Files\Java\jre1.8.0_171\lib\ext\jfxrt.jar;C:\Program Files\Java\jre1.8.0_171\lib\ext\localedata.jar;C:\Program Files\Java\jre1.8.0_171\lib\ext\nashorn.jar;C:\Program Files\Java\jre1.8.0_171\lib\ext\sunec.jar;C:\Program Files\Java\jre1.8.0_171\lib\ext\sunjce_provider.jar;C:\Program Files\Java\jre1.8.0_171\lib\ext\sunmscapi.jar;C:\Program Files\Java\jre1.8.0_171\lib\ext\sunpkcs11.jar;C:\Program Files\Java\jre1.8.0_171\lib\ext\zipfs.jar;C:\Users\Casper\git\GameEngine\bin;C:\Users\Casper\git\GameEngine\lib\jars\joml-1.9.6-javadoc.jar;C:\Users\Casper\git\GameEngine\lib\jars\joml-1.9.6-sources.jar;C:\Users\Casper\git\GameEngine\lib\jars\joml-1.9.6.jar;C:\Users\Casper\git\GameEngine\lib\jars\lwjgl_util.jar;C:\Users\Casper\git\GameEngine\lib\jars\lwjgl-egl-javadoc.jar;C:\Users\Casper\git\GameEngine\lib\jars\lwjgl-egl-sources.jar;C:\Users\Casper\git\GameEngine\lib\jars\lwjgl-egl.jar;C:\Users\Casper\git\GameEngine\lib\jars\lwjgl-glfw-javadoc.jar;C:\Users\Casper\git\GameEngine\lib\jars\lwjgl-glfw-natives-windows.jar;C:\Users\Casper\git\GameEngine\lib\jars\lwjgl-glfw-sources.jar;C:\Users\Casper\git\GameEngine\lib\jars\lwjgl-glfw.jar;C:\Users\Casper\git\GameEngine\lib\jars\lwjgl-javadoc.jar;C:\Users\Casper\git\GameEngine\lib\jars\lwjgl-natives-windows.jar;C:\Users\Casper\git\GameEngine\lib\jars\lwjgl-odbc-javadoc.jar;C:\Users\Casper\git\GameEngine\lib\jars\lwjgl-odbc-sources.jar;C:\Users\Casper\git\GameEngine\lib\jars\lwjgl-odbc
Launcher Type: SUN_STANDARD

Environment Variables:
PATH=C:/Program Files/Java/jre1.8.0_171/bin/server;C:/Program Files/Java/jre1.8.0_171/bin;C:/Program Files/Java/jre1.8.0_171/lib/amd64;C:\Program Files (x86)\Razer Chroma SDK\bin;C:\Program Files\Razer Chroma SDK\bin;C:\Program Files (x86)\Common Files\Oracle\Java\javapath;C:\Program Files (x86)\Intel\iCLS Client\;C:\Program Files\Intel\iCLS Client\;C:\Windows\system32;C:\Windows;C:\Windows\System32\Wbem;C:\Windows\System32\WindowsPowerShell\v1.0\;C:\Program Files (x86)\Intel\Intel(R) Management Engine Components\DAL;C:\Program Files\Intel\Intel(R) Management Engine Components\DAL;C:\Program Files (x86)\Intel\Intel(R) Management Engine Components\IPT;C:\Program Files\Intel\Intel(R) Management Engine Components\IPT;C:\Program Files (x86)\NVIDIA Corporation\PhysX\Common;C:\Program Files\nodejs\;C:\Program Files\dotnet\;C:\Program Files\Microsoft SQL Server\130\Tools\Binn\;C:\Program Files (x86)\Common Files\Roxio Shared\DLLShared\;C:\Program Files (x86)\Common Files\Roxio Shared\Game1X\DLLShared\;C:\Users\Casper\AppData\Local\Microsoft\WindowsApps;C:\Program Files\Microsoft VS Code\bin;C:\Users\Casper\AppData\Roaming\npm;%SystemRoot%\system32;%SystemRoot%;%SystemRoot%\System32\Wbem;%SYSTEMROOT%\System32\WindowsPowerShell\v1.0\;%SYSTEMROOT%\System32\OpenSSH\;C:\Users\Casper\AppData\Local\Microsoft\WindowsApps;;C:\Program Files\Microsoft VS Code\bin;C:\Users\Casper\AppData\Roaming\npm;C:\Users\Casper\AppData\Local\Programs\Fiddler;%USERPROFILE%\AppData\Local\Microsoft\WindowsApps;C:\WINDOWS\System32;
USERNAME=Casper
OS=Windows_NT
PROCESSOR_IDENTIFIER=Intel64 Family 6 Model 142 Stepping 10, GenuineIntel



---------------  S Y S T E M  ---------------

OS: Windows 10.0 , 64 bit Build 17134 (10.0.17134.1)

CPU:total 8 (initial active 8) (4 cores per cpu, 2 threads per core) family 6 model 142 stepping 10, cmov, cx8, fxsr, mmx, sse, sse2, sse3, ssse3, sse4.1, sse4.2, popcnt, avx, avx2, aes, clmul, erms, 3dnowpref, lzcnt, ht, tsc, tscinvbit, bmi1, bmi2, adx

Memory: 4k page, physical 8261220k(2406912k free), swap 16387684k(7583568k free)

vm_info: Java HotSpot(TM) 64-Bit Server VM (25.171-b11) for windows-amd64 JRE (1.8.0_171-b11), built on Mar 28 2018 16:06:12 by "java_re" with MS VC++ 10.0 (VS2010)

time: Tue Sep 04 11:21:47 2018
elapsed time: 7 seconds (0d 0h 0m 7s)

