#
# A fatal error has been detected by the Java Runtime Environment:
#
#  EXCEPTION_ACCESS_VIOLATION (0xc0000005) at pc=0x00007ff893f3f46d, pid=16484, tid=0x00000000000047c0
#
# JRE version: Java(TM) SE Runtime Environment (8.0_111-b14) (build 1.8.0_111-b14)
# Java VM: Java HotSpot(TM) 64-Bit Server VM (25.111-b14 mixed mode windows-amd64 compressed oops)
# Problematic frame:
# C  [lwjgl_opengl.dll+0xf46d]
#
# Failed to write core dump. Minidumps are not enabled by default on client versions of Windows
#
# If you would like to submit a bug report, please visit:
#   http://bugreport.java.com/bugreport/crash.jsp
# The crash happened outside the Java Virtual Machine in native code.
# See problematic frame for where to report the bug.
#

---------------  T H R E A D  ---------------

Current thread (0x0000000004632800):  JavaThread "main" [_thread_in_native, id=18368, stack(0x00000000044e0000,0x00000000045e0000)]

siginfo: ExceptionCode=0xc0000005, reading address 0x0000000000000f58

Registers:
RAX=0x0000000072a7ed50, RBX=0x000000001b7a9440, RCX=0x0000000000000001, RDX=0x000000001ee1d03c
RSP=0x00000000045def48, RBP=0x00000000045defc8, RSI=0x0000000000000188, RDI=0x0000000004827e70
R8 =0x0000000000000001, R9 =0x000000001ee1d03c, R10=0x0000000000000000, R11=0x000000007250b580
R12=0x0000000000000000, R13=0x000000001b7a9440, R14=0x00000000045deff8, R15=0x0000000004632800
RIP=0x00007ff893f3f46d, EFLAGS=0x0000000000010202

Top of Stack: (sp=0x00000000045def48)
0x00000000045def48:   0000000004837f74 0000000004827e70
0x00000000045def58:   0000000004837ceb 0000000004632800
0x00000000045def68:   000000001b7a9440 0000000000000188
0x00000000045def78:   0000000004632800 0000000004837ca2
0x00000000045def88:   00000000045def88 000000001b7a9440
0x00000000045def98:   00000000045deff8 000000001b7d4028
0x00000000045defa8:   0000000000000000 000000001b7a9440
0x00000000045defb8:   0000000000000000 00000000045defe8
0x00000000045defc8:   00000000045df040 000000000482835d
0x00000000045defd8:   000000078082a9f0 00000000048319d8
0x00000000045defe8:   000000001ee1d03c 0000000780c02698
0x00000000045deff8:   0000000000000001 00000000045df000
0x00000000045df008:   000000001b7a95b4 00000000045df070
0x00000000045df018:   000000001b7d4028 0000000000000000
0x00000000045df028:   000000001b7a9620 00000000045defe8
0x00000000045df038:   00000000045df078 00000000045df0b8 

Instructions: (pc=0x00007ff893f3f46d)
0x00007ff893f3f44d:   00 41 8b c8 48 ff e0 cc cc cc cc cc cc cc cc cc
0x00007ff893f3f45d:   cc cc cc 48 8b 01 49 8b d1 41 8b c8 4c 8b 50 18
0x00007ff893f3f46d:   49 ff a2 58 0f 00 00 cc cc cc cc cc cc cc cc cc
0x00007ff893f3f47d:   cc cc cc 48 8b 01 49 8b d1 41 8b c8 4c 8b 50 18 


Register to memory mapping:

RAX=0x0000000072a7ed50 is an unknown value
RBX={method} {0x000000001b7a9448} 'nglGenTextures' '(IJ)V' in 'org/lwjgl/opengl/GL11'
RCX=0x0000000000000001 is an unknown value
RDX=0x000000001ee1d03c is an unknown value
RSP=0x00000000045def48 is pointing into the stack for thread: 0x0000000004632800
RBP=0x00000000045defc8 is pointing into the stack for thread: 0x0000000004632800
RSI=0x0000000000000188 is an unknown value
RDI=0x0000000004827e70 is at code_begin+1040 in an Interpreter codelet
invoke return entry points  [0x0000000004827a60, 0x0000000004828440]  2528 bytes
R8 =0x0000000000000001 is an unknown value
R9 =0x000000001ee1d03c is an unknown value
R10=0x0000000000000000 is an unknown value
R11=0x000000007250b580 is an unknown value
R12=0x0000000000000000 is an unknown value
R13={method} {0x000000001b7a9448} 'nglGenTextures' '(IJ)V' in 'org/lwjgl/opengl/GL11'
R14=0x00000000045deff8 is pointing into the stack for thread: 0x0000000004632800
R15=0x0000000004632800 is a thread


Stack: [0x00000000044e0000,0x00000000045e0000],  sp=0x00000000045def48,  free space=1019k
Native frames: (J=compiled Java code, j=interpreted, Vv=VM code, C=native code)
C  [lwjgl_opengl.dll+0xf46d]

Java frames: (J=compiled Java code, j=interpreted, Vv=VM code)
j  org.lwjgl.opengl.GL11.nglGenTextures(IJ)V+0
j  org.lwjgl.opengl.GL11.glGenTextures()I+20
j  textures.TextureLoader.loadTextureToOpenGL(Ltextures/TextureData;Ltextures/TextureBuilder;)I+0
j  textures.TextureBuilder.create()Ltextures/Texture;+10
j  texts.FontType.<init>(Lutils/SourceFile;Lutils/SourceFile;)V+24
j  texts.Fonts.addFont(Ljava/lang/String;Lutils/SourceFile;Lutils/SourceFile;)V+10
j  texts.Fonts.getFont(Ljava/lang/String;)Ltexts/FontType;+41
j  texts.Text.buildMesh()V+18
j  texts.Text.<init>(Ljava/lang/String;FLjava/lang/String;Lorg/lwjgl/util/vector/Vector2f;FZ)V+58
j  main.Log.init()V+28
j  main.GameLoop.main([Ljava/lang/String;)V+3
v  ~StubRoutines::call_stub

---------------  P R O C E S S  ---------------

Java Threads: ( => current thread )
  0x000000001dcae800 JavaThread "Service Thread" daemon [_thread_blocked, id=1204, stack(0x000000001e840000,0x000000001e940000)]
  0x000000001dc76000 JavaThread "C1 CompilerThread3" daemon [_thread_blocked, id=17916, stack(0x000000001e740000,0x000000001e840000)]
  0x000000001dc6b000 JavaThread "C2 CompilerThread2" daemon [_thread_blocked, id=16168, stack(0x000000001e640000,0x000000001e740000)]
  0x000000001dc63000 JavaThread "C2 CompilerThread1" daemon [_thread_blocked, id=8972, stack(0x000000001e540000,0x000000001e640000)]
  0x000000001dc5f000 JavaThread "C2 CompilerThread0" daemon [_thread_blocked, id=7952, stack(0x000000001e440000,0x000000001e540000)]
  0x000000001dc5a000 JavaThread "Attach Listener" daemon [_thread_blocked, id=14268, stack(0x000000001e340000,0x000000001e440000)]
  0x000000001dc56800 JavaThread "Signal Dispatcher" daemon [_thread_blocked, id=1988, stack(0x000000001e240000,0x000000001e340000)]
  0x000000001dc50800 JavaThread "Finalizer" daemon [_thread_blocked, id=13432, stack(0x000000001e030000,0x000000001e130000)]
  0x000000001bd5d800 JavaThread "Reference Handler" daemon [_thread_blocked, id=7296, stack(0x000000001db30000,0x000000001dc30000)]
=>0x0000000004632800 JavaThread "main" [_thread_in_native, id=18368, stack(0x00000000044e0000,0x00000000045e0000)]

Other Threads:
  0x000000001bd59000 VMThread [stack: 0x000000001da30000,0x000000001db30000] [id=9064]
  0x000000001dcb1800 WatcherThread [stack: 0x000000001ea90000,0x000000001eb90000] [id=16236]

VM state:not at safepoint (normal execution)

VM Mutex/Monitor currently owned by a thread: None

Heap:
 PSYoungGen      total 57344K, used 7864K [0x0000000780500000, 0x0000000784500000, 0x00000007c0000000)
  eden space 49152K, 16% used [0x0000000780500000,0x0000000780cae260,0x0000000783500000)
  from space 8192K, 0% used [0x0000000783d00000,0x0000000783d00000,0x0000000784500000)
  to   space 8192K, 0% used [0x0000000783500000,0x0000000783500000,0x0000000783d00000)
 ParOldGen       total 131072K, used 0K [0x0000000700e00000, 0x0000000708e00000, 0x0000000780500000)
  object space 131072K, 0% used [0x0000000700e00000,0x0000000700e00000,0x0000000708e00000)
 Metaspace       used 6343K, capacity 6586K, committed 6784K, reserved 1056768K
  class space    used 707K, capacity 795K, committed 896K, reserved 1048576K

Card table byte_map: [0x0000000013be0000,0x00000000141e0000] byte_map_base: 0x00000000103d9000

Marking Bits: (ParMarkBitMap*) 0x0000000072afa6c0
 Begin Bits: [0x0000000014de0000, 0x0000000017da8000)
 End Bits:   [0x0000000017da8000, 0x000000001ad70000)

Polling page: 0x0000000002bc0000

CodeCache: size=245760Kb used=2056Kb max_used=2057Kb free=243703Kb
 bounds [0x0000000004820000, 0x0000000004a90000, 0x0000000013820000]
 total_blobs=801 nmethods=458 adapters=256
 compilation: enabled

Compilation events (10 events):
Event: 0.263 Thread 0x000000001dc76000 nmethod 452 0x0000000004a1f5d0 code [0x0000000004a1f740, 0x0000000004a1f968]
Event: 0.264 Thread 0x000000001dc5f000 nmethod 449 0x0000000004a22950 code [0x0000000004a22aa0, 0x0000000004a22dd8]
Event: 0.264 Thread 0x000000001dc76000  455       3       sun.misc.Launcher$AppClassLoader::loadClass (85 bytes)
Event: 0.264 Thread 0x000000001dc76000 nmethod 455 0x0000000004a21550 code [0x0000000004a21780, 0x0000000004a224c8]
Event: 0.264 Thread 0x000000001dc76000  456  s    3       sun.misc.URLClassPath::knownToNotExist (24 bytes)
Event: 0.264 Thread 0x000000001dc76000 nmethod 456 0x0000000004a20f50 code [0x0000000004a210c0, 0x0000000004a21488]
Event: 0.267 Thread 0x000000001dc76000  457       3       java.lang.String::concat (47 bytes)
Event: 0.268 Thread 0x000000001dc76000 nmethod 457 0x0000000004a20250 code [0x0000000004a20420, 0x0000000004a20bd8]
Event: 0.268 Thread 0x000000001dc76000  458       3       java.lang.String::getChars (16 bytes)
Event: 0.268 Thread 0x000000001dc76000 nmethod 458 0x0000000004a1fe10 code [0x0000000004a1ff80, 0x0000000004a20188]

GC Heap History (0 events):
No events

Deoptimization events (0 events):
No events

Internal exceptions (10 events):
Event: 0.066 Thread 0x0000000004632800 Exception <a 'java/io/FileNotFoundException'> (0x000000078057dd80) thrown at [C:\re\workspace\8-2-build-windows-amd64-cygwin\jdk8u111\7883\hotspot\src\share\vm\prims\jni.cpp, line 709]
Event: 0.116 Thread 0x0000000004632800 Exception <a 'java/security/PrivilegedActionException'> (0x000000078072f340) thrown at [C:\re\workspace\8-2-build-windows-amd64-cygwin\jdk8u111\7883\hotspot\src\share\vm\prims\jvm.cpp, line 1386]
Event: 0.116 Thread 0x0000000004632800 Exception <a 'java/security/PrivilegedActionException'> (0x000000078072f550) thrown at [C:\re\workspace\8-2-build-windows-amd64-cygwin\jdk8u111\7883\hotspot\src\share\vm\prims\jvm.cpp, line 1386]
Event: 0.117 Thread 0x0000000004632800 Exception <a 'java/security/PrivilegedActionException'> (0x0000000780733438) thrown at [C:\re\workspace\8-2-build-windows-amd64-cygwin\jdk8u111\7883\hotspot\src\share\vm\prims\jvm.cpp, line 1386]
Event: 0.117 Thread 0x0000000004632800 Exception <a 'java/security/PrivilegedActionException'> (0x0000000780733648) thrown at [C:\re\workspace\8-2-build-windows-amd64-cygwin\jdk8u111\7883\hotspot\src\share\vm\prims\jvm.cpp, line 1386]
Event: 0.186 Thread 0x0000000004632800 Exception <a 'java/lang/NoSuchFieldError': method resolution failed> (0x0000000780951bc8) thrown at [C:\re\workspace\8-2-build-windows-amd64-cygwin\jdk8u111\7883\hotspot\src\share\vm\prims\methodHandles.cpp, line 1146]
Event: 0.187 Thread 0x0000000004632800 Exception <a 'java/lang/NoSuchFieldError': method resolution failed> (0x000000078095f368) thrown at [C:\re\workspace\8-2-build-windows-amd64-cygwin\jdk8u111\7883\hotspot\src\share\vm\prims\methodHandles.cpp, line 1146]
Event: 0.216 Thread 0x0000000004632800 Exception <a 'java/lang/NoSuchMethodError': java.lang.Object.lambda$static$0(Ljava/lang/String;)Ljava/lang/Boolean;> (0x0000000780a7f020) thrown at [C:\re\workspace\8-2-build-windows-amd64-cygwin\jdk8u111\7883\hotspot\src\share\vm\interpreter\linkResolver
Event: 0.258 Thread 0x0000000004632800 Exception <a 'sun/nio/fs/WindowsException'> (0x0000000780b40470) thrown at [C:\re\workspace\8-2-build-windows-amd64-cygwin\jdk8u111\7883\hotspot\src\share\vm\prims\jni.cpp, line 709]
Event: 0.258 Thread 0x0000000004632800 Exception <a 'sun/nio/fs/WindowsException'> (0x0000000780b40cb0) thrown at [C:\re\workspace\8-2-build-windows-amd64-cygwin\jdk8u111\7883\hotspot\src\share\vm\prims\jni.cpp, line 709]

Events (10 events):
Event: 0.267 loading class org/lwjgl/system/jni/JNINativeInterface
Event: 0.267 loading class org/lwjgl/system/jni/JNINativeInterface done
Event: 0.268 loading class org/lwjgl/system/windows/WinBase
Event: 0.268 loading class org/lwjgl/system/windows/WinBase done
Event: 0.270 loading class org/lwjgl/opengl/GL$1
Event: 0.270 loading class org/lwjgl/opengl/GL$1 done
Event: 0.270 loading class org/lwjgl/opengl/GL$SharedLibraryGL
Event: 0.270 loading class org/lwjgl/opengl/GL$SharedLibraryGL done
Event: 0.270 loading class org/lwjgl/system/SharedLibrary$Delegate
Event: 0.270 loading class org/lwjgl/system/SharedLibrary$Delegate done


Dynamic libraries:
0x00007ff702ef0000 - 0x00007ff702f27000 	C:\Program Files\Java\jdk1.8.0_111\bin\javaw.exe
0x00007ff8b67e0000 - 0x00007ff8b69c0000 	C:\WINDOWS\SYSTEM32\ntdll.dll
0x00007ff895650000 - 0x00007ff895684000 	C:\Program Files\AVAST Software\Avast\x64\aswhooka.dll
0x00007ff8b6440000 - 0x00007ff8b64ee000 	C:\WINDOWS\System32\KERNEL32.DLL
0x00007ff8b2dd0000 - 0x00007ff8b3036000 	C:\WINDOWS\System32\KERNELBASE.dll
0x00007ff8b6390000 - 0x00007ff8b6431000 	C:\WINDOWS\System32\ADVAPI32.dll
0x00007ff8b6710000 - 0x00007ff8b67ad000 	C:\WINDOWS\System32\msvcrt.dll
0x00007ff8b5c50000 - 0x00007ff8b5cab000 	C:\WINDOWS\System32\sechost.dll
0x00007ff8b5b30000 - 0x00007ff8b5c4f000 	C:\WINDOWS\System32\RPCRT4.dll
0x00007ff8b6580000 - 0x00007ff8b670f000 	C:\WINDOWS\System32\USER32.dll
0x00007ff8b3ac0000 - 0x00007ff8b3ae0000 	C:\WINDOWS\System32\win32u.dll
0x00007ff8b5b00000 - 0x00007ff8b5b28000 	C:\WINDOWS\System32\GDI32.dll
0x00007ff8b2c30000 - 0x00007ff8b2dc3000 	C:\WINDOWS\System32\gdi32full.dll
0x00007ff8b38f0000 - 0x00007ff8b398b000 	C:\WINDOWS\System32\msvcp_win.dll
0x00007ff8b37f0000 - 0x00007ff8b38e6000 	C:\WINDOWS\System32\ucrtbase.dll
0x00007ff8a6130000 - 0x00007ff8a6399000 	C:\WINDOWS\WinSxS\amd64_microsoft.windows.common-controls_6595b64144ccf1df_6.0.16299.125_none_15cbcf8893620c09\COMCTL32.dll
0x00007ff8b4200000 - 0x00007ff8b4508000 	C:\WINDOWS\System32\combase.dll
0x00007ff8b3a40000 - 0x00007ff8b3ab2000 	C:\WINDOWS\System32\bcryptPrimitives.dll
0x00007ff8b59f0000 - 0x00007ff8b5a1d000 	C:\WINDOWS\System32\IMM32.DLL
0x0000000072110000 - 0x00000000721e2000 	C:\Program Files\Java\jdk1.8.0_111\jre\bin\msvcr100.dll
0x00000000722e0000 - 0x0000000072b7a000 	C:\Program Files\Java\jdk1.8.0_111\jre\bin\server\jvm.dll
0x00007ff8b5a20000 - 0x00007ff8b5a28000 	C:\WINDOWS\System32\PSAPI.DLL
0x00007ff8ae810000 - 0x00007ff8ae819000 	C:\WINDOWS\SYSTEM32\WSOCK32.dll
0x00007ff8b5a90000 - 0x00007ff8b5afc000 	C:\WINDOWS\System32\WS2_32.dll
0x00007ff8af940000 - 0x00007ff8af963000 	C:\WINDOWS\SYSTEM32\WINMM.dll
0x00007ff8acef0000 - 0x00007ff8acefa000 	C:\WINDOWS\SYSTEM32\VERSION.dll
0x00007ff8af8e0000 - 0x00007ff8af90a000 	C:\WINDOWS\SYSTEM32\WINMMBASE.dll
0x00007ff8b2be0000 - 0x00007ff8b2c2a000 	C:\WINDOWS\System32\cfgmgr32.dll
0x00000000722d0000 - 0x00000000722df000 	C:\Program Files\Java\jdk1.8.0_111\jre\bin\verify.dll
0x00000000722a0000 - 0x00000000722c9000 	C:\Program Files\Java\jdk1.8.0_111\jre\bin\java.dll
0x0000000072280000 - 0x0000000072296000 	C:\Program Files\Java\jdk1.8.0_111\jre\bin\zip.dll
0x00007ff8b45b0000 - 0x00007ff8b59e6000 	C:\WINDOWS\System32\SHELL32.dll
0x00007ff8b4150000 - 0x00007ff8b41f6000 	C:\WINDOWS\System32\shcore.dll
0x00007ff8b30a0000 - 0x00007ff8b37e7000 	C:\WINDOWS\System32\windows.storage.dll
0x00007ff8b5a30000 - 0x00007ff8b5a81000 	C:\WINDOWS\System32\shlwapi.dll
0x00007ff8b2b30000 - 0x00007ff8b2b41000 	C:\WINDOWS\System32\kernel.appcore.dll
0x00007ff8b2b90000 - 0x00007ff8b2bdc000 	C:\WINDOWS\System32\powrprof.dll
0x00007ff8b2b70000 - 0x00007ff8b2b8b000 	C:\WINDOWS\System32\profapi.dll
0x0000000072260000 - 0x000000007227a000 	C:\Program Files\Java\jdk1.8.0_111\jre\bin\net.dll
0x00007ff8b23c0000 - 0x00007ff8b2426000 	C:\WINDOWS\system32\mswsock.dll
0x0000000072240000 - 0x0000000072251000 	C:\Program Files\Java\jdk1.8.0_111\jre\bin\nio.dll
0x00007ff893f90000 - 0x00007ff893fe9000 	C:\Users\gebruiker-pc\AppData\Local\Temp\lwjglgebruiker-pc\3.1.5-build-1\lwjgl.dll
0x00007ff893f30000 - 0x00007ff893f8f000 	C:\Users\gebruiker-pc\AppData\Local\Temp\lwjglgebruiker-pc\3.1.5-build-1\lwjgl_opengl.dll
0x00007ff88a930000 - 0x00007ff88aa4e000 	C:\WINDOWS\SYSTEM32\opengl32.dll
0x00007ff8a7ef0000 - 0x00007ff8a7f1c000 	C:\WINDOWS\SYSTEM32\GLU32.dll
0x00007ff8a5810000 - 0x00007ff8a59d8000 	C:\WINDOWS\SYSTEM32\dbghelp.dll

VM Arguments:
jvm_args: -Dfile.encoding=Cp1252 
java_command: main.GameLoop
java_class_path (initial): C:\Program Files\Java\jdk1.8.0_111\jre\lib\resources.jar;C:\Program Files\Java\jdk1.8.0_111\jre\lib\rt.jar;C:\Program Files\Java\jdk1.8.0_111\jre\lib\jsse.jar;C:\Program Files\Java\jdk1.8.0_111\jre\lib\jce.jar;C:\Program Files\Java\jdk1.8.0_111\jre\lib\charsets.jar;C:\Program Files\Java\jdk1.8.0_111\jre\lib\jfr.jar;C:\Program Files\Java\jdk1.8.0_111\jre\lib\ext\access-bridge-64.jar;C:\Program Files\Java\jdk1.8.0_111\jre\lib\ext\cldrdata.jar;C:\Program Files\Java\jdk1.8.0_111\jre\lib\ext\dnsns.jar;C:\Program Files\Java\jdk1.8.0_111\jre\lib\ext\jaccess.jar;C:\Program Files\Java\jdk1.8.0_111\jre\lib\ext\jfxrt.jar;C:\Program Files\Java\jdk1.8.0_111\jre\lib\ext\localedata.jar;C:\Program Files\Java\jdk1.8.0_111\jre\lib\ext\nashorn.jar;C:\Program Files\Java\jdk1.8.0_111\jre\lib\ext\sunec.jar;C:\Program Files\Java\jdk1.8.0_111\jre\lib\ext\sunjce_provider.jar;C:\Program Files\Java\jdk1.8.0_111\jre\lib\ext\sunmscapi.jar;C:\Program Files\Java\jdk1.8.0_111\jre\lib\ext\sunpkcs11.jar;C:\Program Files\Java\jdk1.8.0_111\jre\lib\ext\zipfs.jar;C:\Users\gebruiker-pc\git\GameEngine\bin;C:\Users\gebruiker-pc\git\GameEngine\lib\jars\joml-1.9.6-javadoc.jar;C:\Users\gebruiker-pc\git\GameEngine\lib\jars\joml-1.9.6-sources.jar;C:\Users\gebruiker-pc\git\GameEngine\lib\jars\joml-1.9.6.jar;C:\Users\gebruiker-pc\git\GameEngine\lib\jars\lwjgl_util.jar;C:\Users\gebruiker-pc\git\GameEngine\lib\jars\lwjgl-egl-javadoc.jar;C:\Users\gebruiker-pc\git\GameEngine\lib\jars\lwjgl-egl-sources.jar;C:\Users\gebruiker-pc\git\GameEngine\lib\jars\lwjgl-egl.jar;C:\Users\gebruiker-pc\git\GameEngine\lib\jars\lwjgl-glfw-javadoc.jar;C:\Users\gebruiker-pc\git\GameEngine\lib\jars\lwjgl-glfw-natives-windows.jar;C:\Users\gebruiker-pc\git\GameEngine\lib\jars\lwjgl-glfw-sources.jar;C:\Users\gebruiker-pc\git\GameEngine\lib\jars\lwjgl-glfw.jar;C:\Users\gebruiker-pc\git\GameEngine\lib\jars\lwjgl-javadoc.jar;C:\Users\gebruiker-pc\git\GameEngine\lib\jars\lwjgl-natives-windows.jar;C:\Users\gebruiker-p
Launcher Type: SUN_STANDARD

Environment Variables:
PATH=C:/Program Files/Java/jdk1.8.0_111/jre/bin/server;C:/Program Files/Java/jdk1.8.0_111/jre/bin;C:/Program Files/Java/jdk1.8.0_111/jre/lib/amd64;C:\ProgramData\Oracle\Java\javapath;C:\Program Files (x86)\Razer Chroma SDK\bin;C:\Program Files\Razer Chroma SDK\bin;c:\Program Files (x86)\Intel\iCLS Client\;c:\Program Files\Intel\iCLS Client\;C:\windows\system32;C:\windows;C:\windows\System32\Wbem;C:\windows\System32\WindowsPowerShell\v1.0\;C:\Program Files\Intel\Intel(R) Management Engine Components\DAL;C:\Program Files\Intel\Intel(R) Management Engine Components\IPT;C:\Program Files (x86)\Intel\Intel(R) Management Engine Components\DAL;C:\Program Files (x86)\Intel\Intel(R) Management Engine Components\IPT;C:\Program Files\Hewlett-Packard\SimplePass\;C:\Program Files (x86)\NVIDIA Corporation\PhysX\Common;C:\Program Files (x86)\Common Files\Roxio Shared\DLLShared\;C:\Program Files (x86)\Common Files\Roxio Shared\Game1X\DLLShared\;C:\WINDOWS\system32;C:\WINDOWS;C:\WINDOWS\System32\Wbem;C:\WINDOWS\System32\WindowsPowerShell\v1.0\;C:\WINDOWS\system32\config\systemprofile\AppData\Local\Microsoft\WindowsApps;C:\Program Files (x86)\Skype\Phone\;C:\Program Files (x86)\GtkSharp\2.12\bin;C:\Program Files\Java\jdk1.8.0_111\bin;C:\Program Files\Java\jre1.8.0_111\bin;C:\Users\gebruiker-pc\AppData\Local\Android\sdk\platform-tools;C:\Users\gebruiker-pc\AppData\Local\Microsoft\WindowsApps;;C:\Users\gebruiker-pc\eclipse\jee-oxygen\eclipse;
USERNAME=gebruiker-pc
OS=Windows_NT
PROCESSOR_IDENTIFIER=Intel64 Family 6 Model 60 Stepping 3, GenuineIntel



---------------  S Y S T E M  ---------------

OS: Windows 10.0 , 64 bit Build 16299 (10.0.16299.15)

CPU:total 8 (4 cores per cpu, 2 threads per core) family 6 model 60 stepping 3, cmov, cx8, fxsr, mmx, sse, sse2, sse3, ssse3, sse4.1, sse4.2, popcnt, avx, avx2, aes, clmul, erms, lzcnt, ht, tsc, tscinvbit, bmi1, bmi2

Memory: 4k page, physical 12520512k(6190284k free), swap 16608296k(5626084k free)

vm_info: Java HotSpot(TM) 64-Bit Server VM (25.111-b14) for windows-amd64 JRE (1.8.0_111-b14), built on Sep 22 2016 19:24:05 by "java_re" with MS VC++ 10.0 (VS2010)

time: Thu Jan 11 01:32:25 2018
elapsed time: 0 seconds (0d 0h 0m 0s)

